<phase>Step 11/22 : RUN case "$BUILDPLATFORM" in (*/amd64) PLATFORM=x86_64 ;;(*/arm64|*/arm64/*) PLATFORM=aarch64 ;;(*) echo "Unexpected BUILDPLATFORM '$BUILDPLATFORM'" >&2; exit 1 ;; esac ; rustup target add $PLATFORM-unknown-linux-musl ; cargo build --release --target=$PLATFORM-unknown-linux-musl<phase>: <path>/home/zhangchenhui/docker_smell_1027/repair_result/dataset_fast/star1000+_dockerfile/dockercleaner/0x727__observerward__Dockerfile<path><error>build terminated - no output for 60 seconds<error>
<phase>Step 6/11 : RUN pip install /build . --prefix<phase>: <path>/home/zhangchenhui/docker_smell_1027/repair_result/dataset_fast/star1000+_dockerfile/dockercleaner/0xacb__recollapse__Dockerfile<path><error>build failed with exit code: 2<error>
<phase>Step 8/9 : RUN groupadd --system docker-user ; useradd --system --gid docker-user docker-user<phase>: <path>/home/zhangchenhui/docker_smell_1027/repair_result/dataset_fast/star1000+_dockerfile/dockercleaner/42school__norminette__Dockerfile<path><error>build failed with exit code: 127<error>
<phase>Step 17/18 : RUN groupadd --system docker-user ; useradd --system --gid docker-user docker-user<phase>: <path>/home/zhangchenhui/docker_smell_1027/repair_result/dataset_fast/star1000+_dockerfile/dockercleaner/869413421__chatgpt-web__Dockerfile<path><error>build failed with exit code: 127<error>
<phase>Step 6/30 : RUN pnpm install<phase>: <path>/home/zhangchenhui/docker_smell_1027/repair_result/dataset_fast/star1000+_dockerfile/dockercleaner/Chanzhaoyu__chatgpt-web__Dockerfile<path><error>build terminated - no output for 60 seconds<error>
<phase>Step 7/9 : RUN groupadd --system docker-user ; useradd --system --gid docker-user docker-user<phase>: <path>/home/zhangchenhui/docker_smell_1027/repair_result/dataset_fast/star1000+_dockerfile/dockercleaner/Estom__notes__Dockerfile<path><error>build failed with exit code: 127<error>
<phase>Step 5/14 : RUN yarn install<phase>: <path>/home/zhangchenhui/docker_smell_1027/repair_result/dataset_fast/star1000+_dockerfile/dockercleaner/HelgeSverre__ollama-gui__Dockerfile<path><error>build failed with exit code: 1<error>
<phase>Step 6/8 : RUN groupadd --system docker-user ; useradd --system --gid docker-user docker-user<phase>: <path>/home/zhangchenhui/docker_smell_1027/repair_result/dataset_fast/star1000+_dockerfile/dockercleaner/HerbertHe__iptv-sources__Dockerfile<path><error>build failed with exit code: 127<error>
<phase>Step 15/17 : RUN groupadd --system docker-user ; useradd --system --gid docker-user docker-user<phase>: <path>/home/zhangchenhui/docker_smell_1027/repair_result/dataset_fast/star1000+_dockerfile/dockercleaner/LLM-Red-Team__deepseek-free-api__Dockerfile<path><error>build failed with exit code: 127<error>
<phase>Step 14/16 : RUN groupadd --system docker-user ; useradd --system --gid docker-user docker-user<phase>: <path>/home/zhangchenhui/docker_smell_1027/repair_result/dataset_fast/star1000+_dockerfile/dockercleaner/LLM-Red-Team__kimi-free-api__Dockerfile<path><error>build failed with exit code: 127<error>
<phase>Step 17/18 : RUN groupadd --system docker-user ; useradd --system --gid docker-user docker-user<phase>: <path>/home/zhangchenhui/docker_smell_1027/repair_result/dataset_fast/star1000+_dockerfile/dockercleaner/LibreSpark__LibreTV__Dockerfile<path><error>build failed with exit code: 127<error>
<phase>Step 6/7 : RUN groupadd --system docker-user ; useradd --system --gid docker-user docker-user<phase>: <path>/home/zhangchenhui/docker_smell_1027/repair_result/dataset_fast/star1000+_dockerfile/dockercleaner/OWASP__API-Security__Dockerfile<path><error>build failed with exit code: 127<error>
<phase>Step 11/13 : RUN groupadd --system docker-user ; useradd --system --gid docker-user docker-user<phase>: <path>/home/zhangchenhui/docker_smell_1027/repair_result/dataset_fast/star1000+_dockerfile/dockercleaner/SoraWebui__SoraWebui__Dockerfile<path><error>build failed with exit code: 127<error>
<phase>Step 7/13 : RUN pip install pypi.org==0.0.0 pypi.python.org==null files.pythonhosted.org==null --trusted-host --trusted-host --trusted-host --no-cache-dir -r requirements.txt<phase>: <path>/home/zhangchenhui/docker_smell_1027/repair_result/dataset_fast/star1000+_dockerfile/dockercleaner/Zie619__n8n-workflows__Dockerfile<path><error>build failed with exit code: 1<error>
<phase>Step 7/8 : RUN groupadd --system docker-user ; useradd --system --gid docker-user docker-user<phase>: <path>/home/zhangchenhui/docker_smell_1027/repair_result/dataset_fast/star1000+_dockerfile/dockercleaner/acecilia__OpenWRTInvasion__Dockerfile<path><error>build failed with exit code: 127<error>
<phase>Step 10/12 : RUN groupadd --system docker-user ; useradd --system --gid docker-user docker-user<phase>: <path>/home/zhangchenhui/docker_smell_1027/repair_result/dataset_fast/star1000+_dockerfile/dockercleaner/aksakalli__gtop__Dockerfile<path><error>build failed with exit code: 127<error>
<phase>Step 25/27 : RUN groupadd --system docker-user ; useradd --system --gid docker-user docker-user<phase>: <path>/home/zhangchenhui/docker_smell_1027/repair_result/dataset_fast/star1000+_dockerfile/dockercleaner/amark__gun__Dockerfile<path><error>build failed with exit code: 127<error>
<phase>Step 9/11 : RUN groupadd --system docker-user ; useradd --system --gid docker-user docker-user<phase>: <path>/home/zhangchenhui/docker_smell_1027/repair_result/dataset_fast/star1000+_dockerfile/dockercleaner/ambionics__phpggc__Dockerfile<path><error>build failed with exit code: 127<error>
<phase>Step 5/6 : RUN groupadd --system docker-user ; useradd --system --gid docker-user docker-user<phase>: <path>/home/zhangchenhui/docker_smell_1027/repair_result/dataset_fast/star1000+_dockerfile/dockercleaner/ankane__pgsync__Dockerfile<path><error>build failed with exit code: 127<error>
<phase>Step 4/24 : RUN pip install SCons==4.10.0<phase>: <path>/home/zhangchenhui/docker_smell_1027/repair_result/dataset_fast/star1000+_dockerfile/dockercleaner/armon__bloomd__Dockerfile<path><error>build failed with exit code: 1<error>
<phase>Step 6/9 : RUN ["sh", "-c", "chmod", "-R", "777", "/app"]<phase>: <path>/home/zhangchenhui/docker_smell_1027/repair_result/dataset_fast/star1000+_dockerfile/dockercleaner/assimon__dujiaoka__Dockerfile<path><error>build failed with exit code: 1<error>
<phase>Step 5/12 : RUN rustup target add x86_64-unknown-linux-musl<phase>: <path>/home/zhangchenhui/docker_smell_1027/repair_result/dataset_fast/star1000+_dockerfile/dockercleaner/aws-cloudformation__cloudformation-guard__Dockerfile<path><error>build failed with exit code: 1<error>
<phase>Step 5/6 : RUN groupadd --system docker-user ; useradd --system --gid docker-user docker-user<phase>: <path>/home/zhangchenhui/docker_smell_1027/repair_result/dataset_fast/star1000+_dockerfile/dockercleaner/awslabs__amazon-ecr-credential-helper__Dockerfile<path><error>build failed with exit code: 127<error>
<phase>Step 6/7 : RUN groupadd --system docker-user ; useradd --system --gid docker-user docker-user<phase>: <path>/home/zhangchenhui/docker_smell_1027/repair_result/dataset_fast/star1000+_dockerfile/dockercleaner/axiros__terminal_markdown_viewer__Dockerfile<path><error>build failed with exit code: 127<error>
<phase>Step 4/6 : RUN groupadd --system docker-user ; useradd --system --gid docker-user docker-user<phase>: <path>/home/zhangchenhui/docker_smell_1027/repair_result/dataset_fast/star1000+_dockerfile/dockercleaner/azgaar__fantasy-map-generator__Dockerfile<path><error>build failed with exit code: 127<error>
<phase>Step 4/14 : RUN npm install pnpm@10.20.0 -g<phase>: <path>/home/zhangchenhui/docker_smell_1027/repair_result/dataset_fast/star1000+_dockerfile/dockercleaner/babaohuang__GeminiProChat__Dockerfile<path><error>build terminated - no output for 300 seconds<error>
<phase>Step 6/7 : RUN groupadd --system docker-user ; useradd --system --gid docker-user docker-user<phase>: <path>/home/zhangchenhui/docker_smell_1027/repair_result/dataset_fast/star1000+_dockerfile/dockercleaner/basherpm__basher__Dockerfile<path><error>build failed with exit code: 127<error>
<phase>Step 10/11 : RUN groupadd --system docker-user ; useradd --system --gid docker-user docker-user<phase>: <path>/home/zhangchenhui/docker_smell_1027/repair_result/dataset_fast/star1000+_dockerfile/dockercleaner/bashly-framework__bashly__Dockerfile<path><error>build failed with exit code: 127<error>
<phase>Step 3/12 : RUN apk add build-base git --no-cache<phase>: <path>/home/zhangchenhui/docker_smell_1027/repair_result/dataset_fast/star1000+_dockerfile/dockercleaner/beanstalkd__beanstalkd__Dockerfile<path><error>build failed with exit code: 2<error>
<phase>Step 2/6 : RUN apk add git --no-cache  && pip install git+https://github.com/bee-san/pyWhat --no-cache-dir  && apk del git  && rm -rf /var/cache/apk/*<phase>: <path>/home/zhangchenhui/docker_smell_1027/repair_result/dataset_fast/star1000+_dockerfile/dockercleaner/bee-san__pywhat__Dockerfile<path><error>build failed with exit code: 1<error>
<phase>Step 3/37 : RUN curl -L -o fzf.tar.gz https://github.com/junegunn/fzf/releases/download/0.46.0/fzf-0.46.0-linux_amd64.tar.gz  && tar -xzf fzf.tar.gz  && mv fzf /usr/bin/<phase>: <path>/home/zhangchenhui/docker_smell_1027/repair_result/dataset_fast/star1000+_dockerfile/dockercleaner/bhupesh-v__ugit__Dockerfile<path><error>build failed with exit code: 28<error>
<phase>Step 34/36 : RUN groupadd --system docker-user ; useradd --system --gid docker-user docker-user<phase>: <path>/home/zhangchenhui/docker_smell_1027/repair_result/dataset_fast/star1000+_dockerfile/dockercleaner/blenderskool__blaze__Dockerfile<path><error>build failed with exit code: 127<error>
<phase>Step 11/16 : RUN python3 -m pip install -r requirements.txt<phase>: <path>/home/zhangchenhui/docker_smell_1027/repair_result/dataset_fast/star1000+_dockerfile/dockercleaner/blitzkraft__saythanks.io__Dockerfile<path><error>build failed with exit code: 1<error>
<phase>Step 10/11 : RUN groupadd --system docker-user ; useradd --system --gid docker-user docker-user<phase>: <path>/home/zhangchenhui/docker_smell_1027/repair_result/dataset_fast/star1000+_dockerfile/dockercleaner/brainmaestro__composer-git-hooks__Dockerfile<path><error>build failed with exit code: 127<error>
<phase>Step 34/36 : RUN groupadd --system docker-user ; useradd --system --gid docker-user docker-user<phase>: <path>/home/zhangchenhui/docker_smell_1027/repair_result/dataset_fast/star1000+_dockerfile/dockercleaner/chatgpt-web-dev__chatgpt-web__Dockerfile<path><error>build failed with exit code: 127<error>
<phase>Step 6/43 : RUN npm install<phase>: <path>/home/zhangchenhui/docker_smell_1027/repair_result/dataset_fast/star1000+_dockerfile/dockercleaner/chrisleekr__binance-trading-bot__Dockerfile<path><error>build terminated - no output for 300 seconds<error>
<phase>Step 10/11 : RUN groupadd --system docker-user ; useradd --system --gid docker-user docker-user<phase>: <path>/home/zhangchenhui/docker_smell_1027/repair_result/dataset_fast/star1000+_dockerfile/dockercleaner/christophetd__log4shell-vulnerable-app__Dockerfile<path><error>build failed with exit code: 127<error>
<phase>Step 6/7 : RUN groupadd --system docker-user ; useradd --system --gid docker-user docker-user<phase>: <path>/home/zhangchenhui/docker_smell_1027/repair_result/dataset_fast/star1000+_dockerfile/dockercleaner/closeio__tasktiger__Dockerfile<path><error>build failed with exit code: 6<error>
<phase>Step 7/8 : RUN groupadd --system docker-user ; useradd --system --gid docker-user docker-user<phase>: <path>/home/zhangchenhui/docker_smell_1027/repair_result/dataset_fast/star1000+_dockerfile/dockercleaner/cloudflare__flan__Dockerfile<path><error>build failed with exit code: 127<error>
<phase>Step 22/23 : RUN groupadd --system docker-user ; useradd --system --gid docker-user docker-user<phase>: <path>/home/zhangchenhui/docker_smell_1027/repair_result/dataset_fast/star1000+_dockerfile/dockercleaner/clytage__rawon__Dockerfile<path><error>build failed with exit code: 127<error>
<phase>Step 13/14 : RUN groupadd --system docker-user ; useradd --system --gid docker-user docker-user<phase>: <path>/home/zhangchenhui/docker_smell_1027/repair_result/dataset_fast/star1000+_dockerfile/dockercleaner/connectai-e__feishu-openai__Dockerfile<path><error>build failed with exit code: 127<error>
<phase>Step 6/7 : RUN groupadd --system docker-user ; useradd --system --gid docker-user docker-user<phase>: <path>/home/zhangchenhui/docker_smell_1027/repair_result/dataset_fast/star1000+_dockerfile/dockercleaner/corneliusweig__rakkess__Dockerfile<path><error>build failed with exit code: 127<error>
<phase>Step 9/10 : RUN groupadd --system docker-user ; useradd --system --gid docker-user docker-user<phase>: <path>/home/zhangchenhui/docker_smell_1027/repair_result/dataset_fast/star1000+_dockerfile/dockercleaner/crobertsbmw__deckofcards__Dockerfile<path><error>build failed with exit code: 127<error>
<phase>Step 6/23 : RUN set -eux ; pip install pip==25.3 --no-cache-dir --upgrade ; pip install 1000==null .[server,mcp] --no-cache-dir --timeout<phase>: <path>/home/zhangchenhui/docker_smell_1027/repair_result/dataset_fast/star1000+_dockerfile/dockercleaner/cyclotruc__gitingest__Dockerfile<path><error>build terminated - no output for 60 seconds<error>
<phase>Step 10/12 : RUN groupadd --system docker-user ; useradd --system --gid docker-user docker-user<phase>: <path>/home/zhangchenhui/docker_smell_1027/repair_result/dataset_fast/star1000+_dockerfile/dockercleaner/danielbayerlein__dashboard__Dockerfile<path><error>build failed with exit code: 127<error>
<phase>Step 9/15 : RUN apk update  && apk add pipx vim  && ln -sf /usr/bin/vim /usr/bin/vi  && pipx install pdm<phase>: <path>/home/zhangchenhui/docker_smell_1027/repair_result/dataset_fast/star1000+_dockerfile/dockercleaner/datafolklabs__cement__Dockerfile<path><error>build terminated - no output for 60 seconds<error>
<phase>Step 10/12 : RUN groupadd --system docker-user ; useradd --system --gid docker-user docker-user<phase>: <path>/home/zhangchenhui/docker_smell_1027/repair_result/dataset_fast/star1000+_dockerfile/dockercleaner/davideviolante__angular-full-stack__Dockerfile<path><error>build failed with exit code: 127<error>
<phase>Step 6/8 : RUN groupadd --system docker-user ; useradd --system --gid docker-user docker-user<phase>: <path>/home/zhangchenhui/docker_smell_1027/repair_result/dataset_fast/star1000+_dockerfile/dockercleaner/dcalsky__zzkia__Dockerfile<path><error>build failed with exit code: 127<error>
<phase><phase>: <path>/home/zhangchenhui/docker_smell_1027/repair_result/dataset_fast/star1000+_dockerfile/dockercleaner/devinus__poison__Dockerfile<path><error>build failed with exit code: 1<error>
<phase>Step 6/8 : RUN groupadd --system docker-user ; useradd --system --gid docker-user docker-user<phase>: <path>/home/zhangchenhui/docker_smell_1027/repair_result/dataset_fast/star1000+_dockerfile/dockercleaner/disease-sh__api__Dockerfile<path><error>build failed with exit code: 127<error>
<phase>Step 2/3 : RUN groupadd --system docker-user ; useradd --system --gid docker-user docker-user<phase>: <path>/home/zhangchenhui/docker_smell_1027/repair_result/dataset_fast/star1000+_dockerfile/dockercleaner/dokku__dokku-letsencrypt__Dockerfile<path><error>build failed with exit code: 127<error>
<phase>Step 10/12 : RUN git submodule update --init --recursive<phase>: <path>/home/zhangchenhui/docker_smell_1027/repair_result/dataset_fast/star1000+_dockerfile/dockercleaner/egzumer__uv-k5-firmware-custom__Dockerfile<path><error>build failed with exit code: 128<error>
<phase>Step 3/14 : RUN apk add git alpine-sdk --no-cache<phase>: <path>/home/zhangchenhui/docker_smell_1027/repair_result/dataset_fast/star1000+_dockerfile/dockercleaner/eko__monday__Dockerfile<path><error>build terminated - no output for 60 seconds<error>
<phase>Step 6/7 : RUN groupadd --system docker-user ; useradd --system --gid docker-user docker-user<phase>: <path>/home/zhangchenhui/docker_smell_1027/repair_result/dataset_fast/star1000+_dockerfile/dockercleaner/enablesecurity__wafw00f__Dockerfile<path><error>build failed with exit code: 127<error>
<phase>Step 9/10 : RUN groupadd --system docker-user ; useradd --system --gid docker-user docker-user<phase>: <path>/home/zhangchenhui/docker_smell_1027/repair_result/dataset_fast/star1000+_dockerfile/dockercleaner/erikdubbelboer__phpredisadmin__Dockerfile<path><error>build failed with exit code: 127<error>
<phase>Step 9/10 : RUN groupadd --system docker-user ; useradd --system --gid docker-user docker-user<phase>: <path>/home/zhangchenhui/docker_smell_1027/repair_result/dataset_fast/star1000+_dockerfile/dockercleaner/fabston__tradingview-webhook-bot__Dockerfile<path><error>build failed with exit code: 127<error>
<phase>Step 10/11 : RUN groupadd --system docker-user ; useradd --system --gid docker-user docker-user<phase>: <path>/home/zhangchenhui/docker_smell_1027/repair_result/dataset_fast/star1000+_dockerfile/dockercleaner/flike__kingshard__Dockerfile<path><error>build failed with exit code: 127<error>
<phase>Step 11/12 : RUN groupadd --system docker-user ; useradd --system --gid docker-user docker-user<phase>: <path>/home/zhangchenhui/docker_smell_1027/repair_result/dataset_fast/star1000+_dockerfile/dockercleaner/fnproject__fn__Dockerfile<path><error>build failed with exit code: 127<error>
<phase>Step 11/13 : RUN groupadd --system docker-user ; useradd --system --gid docker-user docker-user<phase>: <path>/home/zhangchenhui/docker_smell_1027/repair_result/dataset_fast/star1000+_dockerfile/dockercleaner/forthebadge__for-the-badge__Dockerfile<path><error>build failed with exit code: 127<error>
<phase>Step 26/29 : RUN<phase>: <path>/home/zhangchenhui/docker_smell_1027/repair_result/dataset_fast/star1000+_dockerfile/dockercleaner/friendsofphp__php-cs-fixer__Dockerfile<path><error>build failed with exit code: 2<error>
<phase>Step 9/10 : RUN groupadd --system docker-user ; useradd --system --gid docker-user docker-user<phase>: <path>/home/zhangchenhui/docker_smell_1027/repair_result/dataset_fast/star1000+_dockerfile/dockercleaner/fsociety-team__fsociety__Dockerfile<path><error>build failed with exit code: 127<error>
<phase>Step 8/9 : RUN groupadd --system docker-user ; useradd --system --gid docker-user docker-user<phase>: <path>/home/zhangchenhui/docker_smell_1027/repair_result/dataset_fast/star1000+_dockerfile/dockercleaner/fullhunt__log4j-scan__Dockerfile<path><error>build failed with exit code: 127<error>
<phase>Step 7/14 : RUN pip install ${PIP_OPTIONS}<phase>: <path>/home/zhangchenhui/docker_smell_1027/repair_result/dataset_fast/star1000+_dockerfile/dockercleaner/gilesknap__gphotos-sync__Dockerfile<path><error>build failed with exit code: 1<error>
<phase>Step 4/19 : COPY .git /src/gh/pages-gem/.git<phase>: <path>/home/zhangchenhui/docker_smell_1027/repair_result/dataset_fast/star1000+_dockerfile/dockercleaner/github__pages-gem__Dockerfile<path><error>build failed with exit code: 1<error>
<phase>Step 11/13 : RUN groupadd --system docker-user ; useradd --system --gid docker-user docker-user<phase>: <path>/home/zhangchenhui/docker_smell_1027/repair_result/dataset_fast/star1000+_dockerfile/dockercleaner/glacambre__firenvim__Dockerfile<path><error>build failed with exit code: 1<error>
<phase>Step 14/21 : RUN cd /go/src/github.com/go-spatial/tegola/cmd/tegola  && go build -v -ldflags "-w -X '${BUILD_PKG}.Version=${VERSION}' -X '${BUILD_PKG}.GitRevision=${GIT_REVISION}' -X '${BUILD_PKG}.GitBranch=${GIT_BRANCH}'" -gcflags "-N -l" -o /opt/tegola  && chmod a+x /opt/tegola<phase>: <path>/home/zhangchenhui/docker_smell_1027/repair_result/dataset_fast/star1000+_dockerfile/dockercleaner/go-spatial__tegola__Dockerfile<path><error>build terminated - no output for 60 seconds<error>
<phase>Step 10/11 : RUN groupadd --system docker-user ; useradd --system --gid docker-user docker-user<phase>: <path>/home/zhangchenhui/docker_smell_1027/repair_result/dataset_fast/star1000+_dockerfile/dockercleaner/guptarohit__asciigraph__Dockerfile<path><error>build failed with exit code: 1<error>
<phase>Step 21/22 : RUN groupadd --system docker-user ; useradd --system --gid docker-user docker-user<phase>: <path>/home/zhangchenhui/docker_smell_1027/repair_result/dataset_fast/star1000+_dockerfile/dockercleaner/gwuhaolin__livego__Dockerfile<path><error>build failed with exit code: 127<error>
<phase>Step 2/15 : RUN apk update  && apk add postgresql-dev gcc python3-dev musl-dev<phase>: <path>/home/zhangchenhui/docker_smell_1027/repair_result/dataset_fast/star1000+_dockerfile/dockercleaner/hack4impact__flask-base__Dockerfile<path><error>build terminated - no output for 60 seconds<error>
<phase>Step 6/7 : RUN groupadd --system docker-user ; useradd --system --gid docker-user docker-user<phase>: <path>/home/zhangchenhui/docker_smell_1027/repair_result/dataset_fast/star1000+_dockerfile/dockercleaner/harsxv__tinystatus__Dockerfile<path><error>build failed with exit code: 127<error>
<phase>Step 22/23 : RUN addgroup -S docker-user ; adduser -S -G docker-user docker-user<phase>: <path>/home/zhangchenhui/docker_smell_1027/repair_result/dataset_fast/star1000+_dockerfile/dockercleaner/haugene__docker-transmission-openvpn__Dockerfile<path><error>build failed with exit code: 51<error>
<phase>Step 6/7 : RUN groupadd --system docker-user ; useradd --system --gid docker-user docker-user<phase>: <path>/home/zhangchenhui/docker_smell_1027/repair_result/dataset_fast/star1000+_dockerfile/dockercleaner/hectorqin__reader__Dockerfile<path><error>build failed with exit code: 127<error>
<phase>Step 16/18 : RUN groupadd --system docker-user ; useradd --system --gid docker-user docker-user<phase>: <path>/home/zhangchenhui/docker_smell_1027/repair_result/dataset_fast/star1000+_dockerfile/dockercleaner/hiifeng__V2ray-for-Doprax__Dockerfile<path><error>build failed with exit code: 127<error>
<phase>Step 7/9 : RUN groupadd --system docker-user ; useradd --system --gid docker-user docker-user<phase>: <path>/home/zhangchenhui/docker_smell_1027/repair_result/dataset_fast/star1000+_dockerfile/dockercleaner/holtwick__briefing__Dockerfile<path><error>build failed with exit code: 127<error>
<phase>Step 12/13 : RUN groupadd --system docker-user ; useradd --system --gid docker-user docker-user<phase>: <path>/home/zhangchenhui/docker_smell_1027/repair_result/dataset_fast/star1000+_dockerfile/dockercleaner/imaegoo__twikoo__Dockerfile<path><error>build failed with exit code: 127<error>
<phase>Step 4/20 : RUN curl -s 'https://beta.quicklisp.org/quicklisp.lisp' > /opt/quicklisp.lisp<phase>: <path>/home/zhangchenhui/docker_smell_1027/repair_result/dataset_fast/star1000+_dockerfile/dockercleaner/inconvergent__weird__Dockerfile<path><error>build failed with exit code: 77<error>
<phase>Step 5/25 : RUN npm ci<phase>: <path>/home/zhangchenhui/docker_smell_1027/repair_result/dataset_fast/star1000+_dockerfile/dockercleaner/ivanfioravanti__chatbot-ollama__Dockerfile<path><error>build terminated - no output for 60 seconds<error>
<phase>Step 8/22 : RUN npm run build<phase>: <path>/home/zhangchenhui/docker_smell_1027/repair_result/dataset_fast/star1000+_dockerfile/dockercleaner/jakobhoeg__nextjs-ollama-llm-ui__Dockerfile<path><error>build terminated - no output for 60 seconds<error>
<phase>Step 11/13 : RUN groupadd --system docker-user ; useradd --system --gid docker-user docker-user<phase>: <path>/home/zhangchenhui/docker_smell_1027/repair_result/dataset_fast/star1000+_dockerfile/dockercleaner/janoside__btc-rpc-explorer__Dockerfile<path><error>build failed with exit code: 127<error>
<phase>Step 10/11 : RUN groupadd --system docker-user ; useradd --system --gid docker-user docker-user<phase>: <path>/home/zhangchenhui/docker_smell_1027/repair_result/dataset_fast/star1000+_dockerfile/dockercleaner/jarun__buku__Dockerfile<path><error>build failed with exit code: 127<error>
<phase>Step 11/12 : RUN groupadd --system docker-user ; useradd --system --gid docker-user docker-user<phase>: <path>/home/zhangchenhui/docker_smell_1027/repair_result/dataset_fast/star1000+_dockerfile/dockercleaner/jhao104__proxy_pool__Dockerfile<path><error>build failed with exit code: 127<error>
<phase>Step 10/11 : RUN groupadd --system docker-user ; useradd --system --gid docker-user docker-user<phase>: <path>/home/zhangchenhui/docker_smell_1027/repair_result/dataset_fast/star1000+_dockerfile/dockercleaner/jinnlynn__genpac__Dockerfile<path><error>build failed with exit code: 127<error>
<phase>Step 7/9 : RUN groupadd --system docker-user ; useradd --system --gid docker-user docker-user<phase>: <path>/home/zhangchenhui/docker_smell_1027/repair_result/dataset_fast/star1000+_dockerfile/dockercleaner/joye61__pic-smaller__Dockerfile<path><error>build failed with exit code: 127<error>
<phase>Step 9/10 : RUN groupadd --system docker-user ; useradd --system --gid docker-user docker-user<phase>: <path>/home/zhangchenhui/docker_smell_1027/repair_result/dataset_fast/star1000+_dockerfile/dockercleaner/koalalorenzo__python-digitalocean__Dockerfile<path><error>build failed with exit code: 127<error>
<phase>Step 11/12 : RUN groupadd --system docker-user ; useradd --system --gid docker-user docker-user<phase>: <path>/home/zhangchenhui/docker_smell_1027/repair_result/dataset_fast/star1000+_dockerfile/dockercleaner/kpcyrd__sniffglue__Dockerfile<path><error>build failed with exit code: 127<error>
<phase>Step 6/7 : RUN groupadd --system docker-user ; useradd --system --gid docker-user docker-user<phase>: <path>/home/zhangchenhui/docker_smell_1027/repair_result/dataset_fast/star1000+_dockerfile/dockercleaner/lanmaster53__recon-ng__Dockerfile<path><error>build failed with exit code: 127<error>
<phase>Step 3/4 : RUN groupadd --system docker-user ; useradd --system --gid docker-user docker-user<phase>: <path>/home/zhangchenhui/docker_smell_1027/repair_result/dataset_fast/star1000+_dockerfile/dockercleaner/leandromoreira__cdn-up-and-running__Dockerfile<path><error>build failed with exit code: 127<error>
<phase>Step 6/15 : RUN npm install<phase>: <path>/home/zhangchenhui/docker_smell_1027/repair_result/dataset_fast/star1000+_dockerfile/dockercleaner/leebenson__reactql__Dockerfile<path><error>build terminated - no output for 60 seconds<error>
<phase>Step 2/3 : RUN groupadd --system docker-user ; useradd --system --gid docker-user docker-user<phase>: <path>/home/zhangchenhui/docker_smell_1027/repair_result/dataset_fast/star1000+_dockerfile/dockercleaner/lfe__lfe__Dockerfile<path><error>build failed with exit code: 127<error>
<phase>Step 3/21 : RUN apt update  && apt install lld clang -y<phase>: <path>/home/zhangchenhui/docker_smell_1027/repair_result/dataset_fast/star1000+_dockerfile/dockercleaner/lukemathwalker__zero-to-production__Dockerfile<path><error>build failed with exit code: 100<error>
<phase>Step 6/20 : RUN find /pkgdir -type f -exec sed -i -e 's!/pkgdir!!g' {} ;<phase>: <path>/home/zhangchenhui/docker_smell_1027/repair_result/dataset_fast/star1000+_dockerfile/dockercleaner/lunarmodules__busted__Dockerfile<path><error>build failed with exit code: 1<error>
<phase>Step 6/13 : RUN set -eux  && apk update  && apk add tzdata bash --no-cache<phase>: <path>/home/zhangchenhui/docker_smell_1027/repair_result/dataset_fast/star1000+_dockerfile/dockercleaner/luolongfei__freenom__Dockerfile<path><error>build terminated - no output for 60 seconds<error>
<phase>Step 4/12 : RUN npm install<phase>: <path>/home/zhangchenhui/docker_smell_1027/repair_result/dataset_fast/star1000+_dockerfile/dockercleaner/lxfater__inpaint-web__Dockerfile<path><error>build terminated - no output for 60 seconds<error>
<phase>Step 5/18 : RUN apk add gcc musl-dev sqlite-dev --no-cache<phase>: <path>/home/zhangchenhui/docker_smell_1027/repair_result/dataset_fast/star1000+_dockerfile/dockercleaner/lyrictian__gin-admin__Dockerfile<path><error>build terminated - no output for 60 seconds<error>
<phase>Step 9/10 : RUN groupadd --system docker-user ; useradd --system --gid docker-user docker-user<phase>: <path>/home/zhangchenhui/docker_smell_1027/repair_result/dataset_fast/star1000+_dockerfile/dockercleaner/m3n0sd0n4ld__goofuzz__Dockerfile<path><error>build failed with exit code: 127<error>
<phase>Step 6/7 : RUN groupadd --system docker-user ; useradd --system --gid docker-user docker-user<phase>: <path>/home/zhangchenhui/docker_smell_1027/repair_result/dataset_fast/star1000+_dockerfile/dockercleaner/m4ll0k__secretfinder__Dockerfile<path><error>build failed with exit code: 127<error>
<phase>Step 15/17 : RUN groupadd --system docker-user ; useradd --system --gid docker-user docker-user<phase>: <path>/home/zhangchenhui/docker_smell_1027/repair_result/dataset_fast/star1000+_dockerfile/dockercleaner/m4tt72__terminal__Dockerfile<path><error>build failed with exit code: 1<error>
<phase>Step 5/12 : RUN pnpm install --frozen-lockfile --strict-peer-dependencies<phase>: <path>/home/zhangchenhui/docker_smell_1027/repair_result/dataset_fast/star1000+_dockerfile/dockercleaner/magic-akari__lrc-maker__Dockerfile<path><error>build failed with exit code: 1<error>
<phase>Step 7/8 : RUN groupadd --system docker-user ; useradd --system --gid docker-user docker-user<phase>: <path>/home/zhangchenhui/docker_smell_1027/repair_result/dataset_fast/star1000+_dockerfile/dockercleaner/mar10__wsgidav__Dockerfile<path><error>build failed with exit code: 127<error>
<phase><phase>: <path>/home/zhangchenhui/docker_smell_1027/repair_result/dataset_fast/star1000+_dockerfile/dockercleaner/markqvist__nomadnet__Dockerfile<path><error>build failed with exit code: 1<error>
<phase>Step 10/11 : RUN groupadd --system docker-user ; useradd --system --gid docker-user docker-user<phase>: <path>/home/zhangchenhui/docker_smell_1027/repair_result/dataset_fast/star1000+_dockerfile/dockercleaner/martanne__vis__Dockerfile<path><error>build failed with exit code: 127<error>
<phase>Step 7/8 : RUN groupadd --system docker-user ; useradd --system --gid docker-user docker-user<phase>: <path>/home/zhangchenhui/docker_smell_1027/repair_result/dataset_fast/star1000+_dockerfile/dockercleaner/marven11__fenjing__Dockerfile<path><error>build failed with exit code: 127<error>
<phase>Step 8/10 : RUN groupadd --system docker-user ; useradd --system --gid docker-user docker-user<phase>: <path>/home/zhangchenhui/docker_smell_1027/repair_result/dataset_fast/star1000+_dockerfile/dockercleaner/mermade__openapi-gui__Dockerfile<path><error>build failed with exit code: 127<error>
<phase>Step 4/5 : RUN groupadd --system docker-user ; useradd --system --gid docker-user docker-user<phase>: <path>/home/zhangchenhui/docker_smell_1027/repair_result/dataset_fast/star1000+_dockerfile/dockercleaner/mickhansen__graphql-sequelize__Dockerfile<path><error>build failed with exit code: 127<error>
<phase>Step 5/6 : RUN groupadd --system docker-user ; useradd --system --gid docker-user docker-user<phase>: <path>/home/zhangchenhui/docker_smell_1027/repair_result/dataset_fast/star1000+_dockerfile/dockercleaner/miso-belica__sumy__Dockerfile<path><error>build failed with exit code: 127<error>
<phase>Step 8/10 : RUN groupadd --system docker-user ; useradd --system --gid docker-user docker-user<phase>: <path>/home/zhangchenhui/docker_smell_1027/repair_result/dataset_fast/star1000+_dockerfile/dockercleaner/missuo__FreeGPT35__Dockerfile<path><error>build failed with exit code: 127<error>
<phase>Step 18/19 : RUN groupadd --system docker-user ; useradd --system --gid docker-user docker-user<phase>: <path>/home/zhangchenhui/docker_smell_1027/repair_result/dataset_fast/star1000+_dockerfile/dockercleaner/mjl-__mox__Dockerfile<path><error>build failed with exit code: 127<error>
<phase>Step 6/13 : RUN apk add build-base git docker-cli openssh-client-default yaml-dev --no-cache  && gem install bundler --version 2.7.2 --version=2.6.5  && bundle install<phase>: <path>/home/zhangchenhui/docker_smell_1027/repair_result/dataset_fast/star1000+_dockerfile/dockercleaner/mrsked__mrsk__Dockerfile<path><error>build terminated - no output for 60 seconds<error>
<phase>Step 18/19 : RUN groupadd --system docker-user ; useradd --system --gid docker-user docker-user<phase>: <path>/home/zhangchenhui/docker_smell_1027/repair_result/dataset_fast/star1000+_dockerfile/dockercleaner/mrvautin__expresscart__Dockerfile<path><error>build failed with exit code: 127<error>
<phase><phase>: <path>/home/zhangchenhui/docker_smell_1027/repair_result/dataset_fast/star1000+_dockerfile/dockercleaner/ms-jpq__chadtree__Dockerfile<path><error>build failed with exit code: 1<error>
<phase>Step 8/9 : RUN groupadd --system docker-user ; useradd --system --gid docker-user docker-user<phase>: <path>/home/zhangchenhui/docker_smell_1027/repair_result/dataset_fast/star1000+_dockerfile/dockercleaner/n3d1117__chatgpt-telegram-bot__Dockerfile<path><error>build failed with exit code: 127<error>
<phase>Step 8/10 : RUN groupadd --system docker-user ; useradd --system --gid docker-user docker-user<phase>: <path>/home/zhangchenhui/docker_smell_1027/repair_result/dataset_fast/star1000+_dockerfile/dockercleaner/nakanomikuorg__arch-guide__Dockerfile<path><error>build failed with exit code: 127<error>
<phase>Step 13/14 : RUN groupadd --system docker-user ; useradd --system --gid docker-user docker-user<phase>: <path>/home/zhangchenhui/docker_smell_1027/repair_result/dataset_fast/star1000+_dockerfile/dockercleaner/nerzal__gocloak__Dockerfile<path><error>build failed with exit code: 127<error>
<phase>Step 9/13 : RUN gem install bundler --version 2.7.2  && bundle install<phase>: <path>/home/zhangchenhui/docker_smell_1027/repair_result/dataset_fast/star1000+_dockerfile/dockercleaner/net-ssh__net-ssh__Dockerfile<path><error>build failed with exit code: 1<error>
<phase>Step 7/8 : RUN groupadd --system docker-user ; useradd --system --gid docker-user docker-user<phase>: <path>/home/zhangchenhui/docker_smell_1027/repair_result/dataset_fast/star1000+_dockerfile/dockercleaner/ngerakines__commitment__Dockerfile<path><error>build failed with exit code: 127<error>
<phase>Step 11/13 : RUN groupadd --system docker-user ; useradd --system --gid docker-user docker-user<phase>: <path>/home/zhangchenhui/docker_smell_1027/repair_result/dataset_fast/star1000+_dockerfile/dockercleaner/nilsherzig__LLocalSearch__Dockerfile<path><error>build failed with exit code: 127<error>
<phase>Step 4/5 : RUN groupadd --system docker-user ; useradd --system --gid docker-user docker-user<phase>: <path>/home/zhangchenhui/docker_smell_1027/repair_result/dataset_fast/star1000+_dockerfile/dockercleaner/nowthis__sankeymatic__Dockerfile<path><error>build failed with exit code: 127<error>
<phase>Step 8/10 : RUN groupadd --system docker-user ; useradd --system --gid docker-user docker-user<phase>: <path>/home/zhangchenhui/docker_smell_1027/repair_result/dataset_fast/star1000+_dockerfile/dockercleaner/nwtgck__piping-server__Dockerfile<path><error>build failed with exit code: 127<error>
<phase>Step 4/5 : RUN groupadd --system docker-user ; useradd --system --gid docker-user docker-user<phase>: <path>/home/zhangchenhui/docker_smell_1027/repair_result/dataset_fast/star1000+_dockerfile/dockercleaner/oh-my-fish__oh-my-fish__Dockerfile<path><error>build failed with exit code: 127<error>
<phase>Step 14/16 : RUN groupadd --system docker-user ; useradd --system --gid docker-user docker-user<phase>: <path>/home/zhangchenhui/docker_smell_1027/repair_result/dataset_fast/star1000+_dockerfile/dockercleaner/opengs__uashield__Dockerfile<path><error>build failed with exit code: 127<error>
<phase>Step 10/11 : RUN groupadd --system docker-user ; useradd --system --gid docker-user docker-user<phase>: <path>/home/zhangchenhui/docker_smell_1027/repair_result/dataset_fast/star1000+_dockerfile/dockercleaner/owenashurst__agar.io-clone__Dockerfile<path><error>build failed with exit code: 127<error>
<phase>Step 7/8 : RUN groupadd --system docker-user ; useradd --system --gid docker-user docker-user<phase>: <path>/home/zhangchenhui/docker_smell_1027/repair_result/dataset_fast/star1000+_dockerfile/dockercleaner/ozguralp__gmapsapiscanner__Dockerfile<path><error>build failed with exit code: 127<error>
<phase>Step 3/5 : RUN apt-get update  && apt-get install --no-install-recommends autoconf build-essential libunwind-dev binutils-dev libiberty-dev zlib1g-dev -y  && cd /austin  && autoreconf --install  && ./configure  && make  && make install<phase>: <path>/home/zhangchenhui/docker_smell_1027/repair_result/dataset_fast/star1000+_dockerfile/dockercleaner/p403n1x87__austin__Dockerfile<path><error>build failed with exit code: 1<error>
<phase>Step 8/9 : RUN groupadd --system docker-user ; useradd --system --gid docker-user docker-user<phase>: <path>/home/zhangchenhui/docker_smell_1027/repair_result/dataset_fast/star1000+_dockerfile/dockercleaner/peak__s5cmd__Dockerfile<path><error>build failed with exit code: 127<error>
<phase>Step 19/20 : RUN which wget &> /dev/null || apt-get install --no-install-recommends wget ; wget --no-verbose --directory-prefix gameshell.sh https://github.com/phyver/GameShell/releases/download/latest/gameshell.sh<phase>: <path>/home/zhangchenhui/docker_smell_1027/repair_result/dataset_fast/star1000+_dockerfile/dockercleaner/phyver__gameshell__Dockerfile<path><error>build failed with exit code: 127<error>
<phase>Step 14/15 : RUN groupadd --system docker-user ; useradd --system --gid docker-user docker-user<phase>: <path>/home/zhangchenhui/docker_smell_1027/repair_result/dataset_fast/star1000+_dockerfile/dockercleaner/pmotschmann__evolve__Dockerfile<path><error>build failed with exit code: 127<error>
<phase>Step 5/15 : RUN cargo build --release<phase>: <path>/home/zhangchenhui/docker_smell_1027/repair_result/dataset_fast/star1000+_dockerfile/dockercleaner/postgresml__pgcat__Dockerfile<path><error>build terminated - no output for 60 seconds<error>
<phase>Step 7/16 : RUN pnpm install --frozen-lockfile<phase>: <path>/home/zhangchenhui/docker_smell_1027/repair_result/dataset_fast/star1000+_dockerfile/dockercleaner/pure-admin__pure-admin-thin__Dockerfile<path><error>build terminated - no output for 60 seconds<error>
<phase>Step 20/29 : ENV SMTP_USERNAME=""\""<phase>: <path>/home/zhangchenhui/docker_smell_1027/repair_result/dataset_fast/star1000+_dockerfile/dockercleaner/pwnlandia__mhn__Dockerfile<path><error>build failed with exit code: 1<error>
<phase>Step 7/9 : RUN groupadd --system docker-user ; useradd --system --gid docker-user docker-user<phase>: <path>/home/zhangchenhui/docker_smell_1027/repair_result/dataset_fast/star1000+_dockerfile/dockercleaner/qeeqbox__social-analyzer__Dockerfile<path><error>build failed with exit code: 127<error>
<phase>Step 8/12 : RUN DEBIAN_FRONTEND=noninteractive apt-get install -qq -y --fix-missing --no-install-recommends gcc libffi-dev rustc zlib1g-dev libjpeg-dev libssl-dev libblas-dev liblapack-dev make cmake automake ninja-build g++ subversion python3-dev  && if [ "${BUILDX_QEMU_ENV}" = "true" ]  && [ "$( getconf LONG_BIT ;)" = "32" ] ; then pip install cryptography==3.3.2 -U ; fi  && pip install -r requirements.txt  && pip cache purge  && apt-get remove -y gcc rustc  && apt-get autoremove -y  && apt-get autoclean -y  && apt-get clean -y  && rm -rf /var/lib/apt/lists/*  && rm -rf /usr/share/doc/*<phase>: <path>/home/zhangchenhui/docker_smell_1027/repair_result/dataset_fast/star1000+_dockerfile/dockercleaner/rdavydov__twitch-channel-points-miner-v2__Dockerfile<path><error>build failed with exit code: 100<error>
<phase>Step 9/11 : RUN groupadd --system docker-user ; useradd --system --gid docker-user docker-user<phase>: <path>/home/zhangchenhui/docker_smell_1027/repair_result/dataset_fast/star1000+_dockerfile/dockercleaner/reactiflux__discord-irc__Dockerfile<path><error>build failed with exit code: 127<error>
<phase>Step 9/10 : RUN groupadd --system docker-user ; useradd --system --gid docker-user docker-user<phase>: <path>/home/zhangchenhui/docker_smell_1027/repair_result/dataset_fast/star1000+_dockerfile/dockercleaner/red5d__docker-autocompose__Dockerfile<path><error>build failed with exit code: 127<error>
<phase>Step 3/5 : RUN groupadd --system docker-user ; useradd --system --gid docker-user docker-user<phase>: <path>/home/zhangchenhui/docker_smell_1027/repair_result/dataset_fast/star1000+_dockerfile/dockercleaner/replexica__replexica__Dockerfile<path><error>build failed with exit code: 127<error>
<phase>Step 9/10 : RUN groupadd --system docker-user ; useradd --system --gid docker-user docker-user<phase>: <path>/home/zhangchenhui/docker_smell_1027/repair_result/dataset_fast/star1000+_dockerfile/dockercleaner/rhinosecuritylabs__cloudgoat__Dockerfile<path><error>build failed with exit code: 127<error>
<phase>Step 11/12 : RUN groupadd --system docker-user ; useradd --system --gid docker-user docker-user<phase>: <path>/home/zhangchenhui/docker_smell_1027/repair_result/dataset_fast/star1000+_dockerfile/dockercleaner/rhinosecuritylabs__pacu__Dockerfile<path><error>build failed with exit code: 127<error>
<phase>Step 1/22 : FROM golang:1.23-alpine3.19@sha256:5f3336882ad15d10ac1b59fbaba7cb84c35d4623774198b36ae60edeba45fd84 AS builder<phase>: <path>/home/zhangchenhui/docker_smell_1027/repair_result/dataset_fast/star1000+_dockerfile/dockercleaner/rtcamp__action-slack-notify__Dockerfile<path><error>build failed with exit code: 1<error>
<phase>Step 5/7 : RUN pip install scipy==1.16.3 numpy==2.3.4  && pip install .<phase>: <path>/home/zhangchenhui/docker_smell_1027/repair_result/dataset_fast/star1000+_dockerfile/dockercleaner/rushter__mlalgorithms__Dockerfile<path><error>build terminated - no output for 60 seconds<error>
<phase>Step 13/14 : RUN groupadd --system docker-user ; useradd --system --gid docker-user docker-user<phase>: <path>/home/zhangchenhui/docker_smell_1027/repair_result/dataset_fast/star1000+_dockerfile/dockercleaner/s0md3v__photon__Dockerfile<path><error>build failed with exit code: 127<error>
<phase>Step 2/17 : RUN :  && DEBIAN_FRONTEND=noninteractive apt-get install -y wget gnupg  && wget --quiet -O - https://www.postgresql.org/media/keys/ACCC4CF8.asc | apt-key add -  && echo 'deb http://apt.postgresql.org/pub/repos/apt/ jammy-pgdg main' >> /etc/apt/sources.list<phase>: <path>/home/zhangchenhui/docker_smell_1027/repair_result/dataset_fast/star1000+_dockerfile/dockercleaner/sameersbn__docker-postgresql__Dockerfile<path><error>build failed with exit code: 100<error>
<phase>Step 11/13 : RUN groupadd --system docker-user ; useradd --system --gid docker-user docker-user<phase>: <path>/home/zhangchenhui/docker_smell_1027/repair_result/dataset_fast/star1000+_dockerfile/dockercleaner/satnaing__astro-paper__Dockerfile<path><error>build failed with exit code: 127<error>
<phase>Step 10/11 : RUN groupadd --system docker-user ; useradd --system --gid docker-user docker-user<phase>: <path>/home/zhangchenhui/docker_smell_1027/repair_result/dataset_fast/star1000+_dockerfile/dockercleaner/sceptre__sceptre__Dockerfile<path><error>build failed with exit code: 127<error>
<phase>Step 9/10 : RUN groupadd --system docker-user ; useradd --system --gid docker-user docker-user<phase>: <path>/home/zhangchenhui/docker_smell_1027/repair_result/dataset_fast/star1000+_dockerfile/dockercleaner/schenkd__nginx-ui__Dockerfile<path><error>build failed with exit code: 127<error>
<phase>Step 6/7 : RUN groupadd --system docker-user ; useradd --system --gid docker-user docker-user<phase>: <path>/home/zhangchenhui/docker_smell_1027/repair_result/dataset_fast/star1000+_dockerfile/dockercleaner/sealedsaucer__online-forever__Dockerfile<path><error>build failed with exit code: 127<error>
<phase>Step 25/26 : RUN groupadd --system docker-user ; useradd --system --gid docker-user docker-user<phase>: <path>/home/zhangchenhui/docker_smell_1027/repair_result/dataset_fast/star1000+_dockerfile/dockercleaner/shaarli__shaarli__Dockerfile<path><error>build failed with exit code: 127<error>
<phase>Step 10/11 : RUN groupadd --system docker-user ; useradd --system --gid docker-user docker-user<phase>: <path>/home/zhangchenhui/docker_smell_1027/repair_result/dataset_fast/star1000+_dockerfile/dockercleaner/shadowsocks__go-shadowsocks2__Dockerfile<path><error>build failed with exit code: 127<error>
<phase>Step 2/11 : RUN apk add ca-certificates curl bash jq py3-pip --no-cache  && pip install awscli==1.42.64<phase>: <path>/home/zhangchenhui/docker_smell_1027/repair_result/dataset_fast/star1000+_dockerfile/dockercleaner/silinternational__ecs-deploy__Dockerfile<path><error>build failed with exit code: 1<error>
<phase>Step 8/9 : RUN groupadd --system docker-user ; useradd --system --gid docker-user docker-user<phase>: <path>/home/zhangchenhui/docker_smell_1027/repair_result/dataset_fast/star1000+_dockerfile/dockercleaner/sj26__mailcatcher__Dockerfile<path><error>build failed with exit code: 127<error>
<phase>Step 11/12 : RUN groupadd --system docker-user ; useradd --system --gid docker-user docker-user<phase>: <path>/home/zhangchenhui/docker_smell_1027/repair_result/dataset_fast/star1000+_dockerfile/dockercleaner/spectolabs__hoverfly__Dockerfile<path><error>build failed with exit code: 127<error>
<phase>Step 4/13 : RUN sh rust_install.sh -y<phase>: <path>/home/zhangchenhui/docker_smell_1027/repair_result/dataset_fast/star1000+_dockerfile/dockercleaner/stellar__soroban-example-dapp__Dockerfile<path><error>build terminated - no output for 60 seconds<error>
<phase>Step 13/15 : RUN groupadd --system docker-user ; useradd --system --gid docker-user docker-user<phase>: <path>/home/zhangchenhui/docker_smell_1027/repair_result/dataset_fast/star1000+_dockerfile/dockercleaner/stepci__stepci__Dockerfile<path><error>build failed with exit code: 127<error>
<phase>Step 8/9 : RUN groupadd --system docker-user ; useradd --system --gid docker-user docker-user<phase>: <path>/home/zhangchenhui/docker_smell_1027/repair_result/dataset_fast/star1000+_dockerfile/dockercleaner/tecnativa__docker-socket-proxy__Dockerfile<path><error>build failed with exit code: 127<error>
<phase>Step 10/11 : RUN groupadd --system docker-user ; useradd --system --gid docker-user docker-user<phase>: <path>/home/zhangchenhui/docker_smell_1027/repair_result/dataset_fast/star1000+_dockerfile/dockercleaner/tencent__mmkv__Dockerfile<path><error>build failed with exit code: 1<error>
<phase>Step 5/12 : RUN wget -O /tmp/tfenv.tar.gz "https://github.com/tfutils/tfenv/archive/refs/tags/v${TFENV_VERSION}.tar.gz"  && tar -C /tmp -xf /tmp/tfenv.tar.gz  && mv "/tmp/tfenv-${TFENV_VERSION}/bin"/* /usr/local/bin/  && mkdir -p /usr/local/lib/tfenv  && mv "/tmp/tfenv-${TFENV_VERSION}/lib" /usr/local/lib/tfenv/  && mv "/tmp/tfenv-${TFENV_VERSION}/libexec" /usr/local/lib/tfenv/  && mkdir -p /usr/local/share/licenses  && mv "/tmp/tfenv-${TFENV_VERSION}/LICENSE" /usr/local/share/licenses/tfenv  && rm -rf /tmp/tfenv*<phase>: <path>/home/zhangchenhui/docker_smell_1027/repair_result/dataset_fast/star1000+_dockerfile/dockercleaner/tfutils__tfenv__Dockerfile<path><error>build terminated - no output for 60 seconds<error>
<phase>Step 6/7 : RUN groupadd --system docker-user ; useradd --system --gid docker-user docker-user<phase>: <path>/home/zhangchenhui/docker_smell_1027/repair_result/dataset_fast/star1000+_dockerfile/dockercleaner/theexplainthis__chatgpt-line-bot__Dockerfile<path><error>build failed with exit code: 127<error>
<phase>Step 6/19 : RUN npm ci<phase>: <path>/home/zhangchenhui/docker_smell_1027/repair_result/dataset_fast/star1000+_dockerfile/dockercleaner/threema-ch__threema-web__Dockerfile<path><error>build terminated - no output for 60 seconds<error>
<phase>Step 8/10 : RUN groupadd --system docker-user ; useradd --system --gid docker-user docker-user<phase>: <path>/home/zhangchenhui/docker_smell_1027/repair_result/dataset_fast/star1000+_dockerfile/dockercleaner/tighten__takeout__Dockerfile<path><error>build failed with exit code: 127<error>
<phase>Step 10/21 : RUN git clone --branch "$TINY_BRANCH" "$TINY_REPO" tinysearch  && cd tinysearch  && cargo build --release --features=bin  && cp target/release/tinysearch $CARGO_HOME/bin<phase>: <path>/home/zhangchenhui/docker_smell_1027/repair_result/dataset_fast/star1000+_dockerfile/dockercleaner/tinysearch__tinysearch__Dockerfile<path><error>build terminated - no output for 60 seconds<error>
<phase>Step 6/8 : RUN groupadd --system docker-user ; useradd --system --gid docker-user docker-user<phase>: <path>/home/zhangchenhui/docker_smell_1027/repair_result/dataset_fast/star1000+_dockerfile/dockercleaner/tl-open-source__tl-rtc-file__Dockerfile<path><error>build failed with exit code: 127<error>
<phase>Step 5/9 : RUN apk update  && apk add python3 py3-pip  && apk add python3-dev py3-pip libc-dev gcc git -t build  && pip install urwid==3.0.3 --break-system-packages  && pip install --break-system-packages -r /home/sen/requirements.txt  && pip install /home/sen --break-system-packages  && apk del --purge build python3-dev libc-dev gcc sqlite-libs git  && rm /var/cache/apk/*<phase>: <path>/home/zhangchenhui/docker_smell_1027/repair_result/dataset_fast/star1000+_dockerfile/dockercleaner/tomastomecek__sen__Dockerfile<path><error>build terminated - no output for 60 seconds<error>
<phase>Step 6/8 : RUN pip install jupyterlab==4.4.10<phase>: <path>/home/zhangchenhui/docker_smell_1027/repair_result/dataset_fast/star1000+_dockerfile/dockercleaner/trusted-ai__aix360__Dockerfile<path><error>build failed with exit code: 1<error>
<phase>Step 11/12 : RUN groupadd --system docker-user ; useradd --system --gid docker-user docker-user<phase>: <path>/home/zhangchenhui/docker_smell_1027/repair_result/dataset_fast/star1000+_dockerfile/dockercleaner/tuhinshubhra__cmseek__Dockerfile<path><error>build failed with exit code: 127<error>
<phase>Step 12/13 : RUN groupadd --system docker-user ; useradd --system --gid docker-user docker-user<phase>: <path>/home/zhangchenhui/docker_smell_1027/repair_result/dataset_fast/star1000+_dockerfile/dockercleaner/twikoojs__twikoo__Dockerfile<path><error>build failed with exit code: 127<error>
<phase>Step 21/22 : RUN groupadd --system docker-user ; useradd --system --gid docker-user docker-user<phase>: <path>/home/zhangchenhui/docker_smell_1027/repair_result/dataset_fast/star1000+_dockerfile/dockercleaner/umputun__reproxy__Dockerfile<path><error>build failed with exit code: 1<error>
<phase>Step 13/15 : RUN groupadd --system docker-user ; useradd --system --gid docker-user docker-user<phase>: <path>/home/zhangchenhui/docker_smell_1027/repair_result/dataset_fast/star1000+_dockerfile/dockercleaner/unblockneteasemusic__server__Dockerfile<path><error>build failed with exit code: 127<error>
<phase>Step 17/18 : RUN groupadd --system docker-user ; useradd --system --gid docker-user docker-user<phase>: <path>/home/zhangchenhui/docker_smell_1027/repair_result/dataset_fast/star1000+_dockerfile/dockercleaner/usarmyresearchlab__dshell__Dockerfile<path><error>build failed with exit code: 127<error>
<phase>Step 8/10 : RUN groupadd --system docker-user ; useradd --system --gid docker-user docker-user<phase>: <path>/home/zhangchenhui/docker_smell_1027/repair_result/dataset_fast/star1000+_dockerfile/dockercleaner/vasanthv__hello__Dockerfile<path><error>build failed with exit code: 127<error>
<phase>Step 8/10 : RUN groupadd --system docker-user ; useradd --system --gid docker-user docker-user<phase>: <path>/home/zhangchenhui/docker_smell_1027/repair_result/dataset_fast/star1000+_dockerfile/dockercleaner/vasanthv__talk__Dockerfile<path><error>build failed with exit code: 127<error>
<phase>Step 8/10 : RUN groupadd --system docker-user ; useradd --system --gid docker-user docker-user<phase>: <path>/home/zhangchenhui/docker_smell_1027/repair_result/dataset_fast/star1000+_dockerfile/dockercleaner/vasanthv__tlk__Dockerfile<path><error>build failed with exit code: 127<error>
<phase>Step 15/16 : RUN groupadd --system docker-user ; useradd --system --gid docker-user docker-user<phase>: <path>/home/zhangchenhui/docker_smell_1027/repair_result/dataset_fast/star1000+_dockerfile/dockercleaner/vi__websocat__Dockerfile<path><error>build failed with exit code: 127<error>
<phase>Step 9/11 : RUN groupadd --system docker-user ; useradd --system --gid docker-user docker-user<phase>: <path>/home/zhangchenhui/docker_smell_1027/repair_result/dataset_fast/star1000+_dockerfile/dockercleaner/vickscarlet__liferestart__Dockerfile<path><error>build failed with exit code: 127<error>
<phase>Step 8/9 : RUN groupadd --system docker-user ; useradd --system --gid docker-user docker-user<phase>: <path>/home/zhangchenhui/docker_smell_1027/repair_result/dataset_fast/star1000+_dockerfile/dockercleaner/vm03__payload_dumper__Dockerfile<path><error>build failed with exit code: 127<error>
<phase>Step 5/10 : RUN pip install pip==25.3 --upgrade -i https://pypi.tuna.tsinghua.edu.cn/simple  && pip install --no-cache-dir -r requirements.txt -i https://pypi.tuna.tsinghua.edu.cn/simple<phase>: <path>/home/zhangchenhui/docker_smell_1027/repair_result/dataset_fast/star1000+_dockerfile/dockercleaner/w5teams__w5__Dockerfile<path><error>build failed with exit code: 1<error>
<phase>Step 22/23 : RUN groupadd --system docker-user ; useradd --system --gid docker-user docker-user<phase>: <path>/home/zhangchenhui/docker_smell_1027/repair_result/dataset_fast/star1000+_dockerfile/dockercleaner/wasi-master__13ft__Dockerfile<path><error>build failed with exit code: 127<error>
<phase>Step 8/10 : RUN groupadd --system docker-user ; useradd --system --gid docker-user docker-user<phase>: <path>/home/zhangchenhui/docker_smell_1027/repair_result/dataset_fast/star1000+_dockerfile/dockercleaner/waylaidwanderer__node-chatgpt-api__Dockerfile<path><error>build failed with exit code: 127<error>
<phase>Step 12/13 : RUN groupadd --system docker-user ; useradd --system --gid docker-user docker-user<phase>: <path>/home/zhangchenhui/docker_smell_1027/repair_result/dataset_fast/star1000+_dockerfile/dockercleaner/womsxd__mihoyobbstools__Dockerfile<path><error>build failed with exit code: 127<error>
<phase>Step 7/8 : RUN groupadd --system docker-user ; useradd --system --gid docker-user docker-user<phase>: <path>/home/zhangchenhui/docker_smell_1027/repair_result/dataset_fast/star1000+_dockerfile/dockercleaner/xiaomiku01__fansmedalhelper__Dockerfile<path><error>build failed with exit code: 127<error>
<phase>Step 14/15 : RUN groupadd --system docker-user ; useradd --system --gid docker-user docker-user<phase>: <path>/home/zhangchenhui/docker_smell_1027/repair_result/dataset_fast/star1000+_dockerfile/dockercleaner/xinliangnote__go-gin-api__Dockerfile<path><error>build failed with exit code: 127<error>
<phase>Step 13/15 : RUN groupadd --system docker-user ; useradd --system --gid docker-user docker-user<phase>: <path>/home/zhangchenhui/docker_smell_1027/repair_result/dataset_fast/star1000+_dockerfile/dockercleaner/xitanggg__open-resume__Dockerfile<path><error>build failed with exit code: 127<error>
<phase>Step 13/37 : RUN set -ex  && export DEBIAN_FRONTEND=noninteractive  && echo 'APT::Install-Recommends "0";\nAPT::Install-Suggests "0";' > /etc/apt/apt.conf.d/01norecommend  && apt-get update -y  && apt-cache depends patroni | sed -n -e 's/.*Depends: \(python3-.\+\)$/\1/p' | grep -Ev '^python3-(sphinx|etcd|consul|kazoo|kubernetes)' | xargs apt-get install -y vim curl less jq locales haproxy sudo python3-etcd python3-kazoo python3-pip busybox net-tools iputils-ping dumb-init --fix-missing  && find /usr/share/i18n/charmaps/ -type f ! -name UTF-8.gz -delete  && find /usr/share/i18n/locales/ -type f ! -name en_US ! -name en_GB ! -name i18n* ! -name iso14651_t1 ! -name iso14651_t1_common ! -name 'translit_*' -delete  && echo 'en_US.UTF-8 UTF-8' > /usr/share/i18n/SUPPORTED  && localedef -i en_US -c -f UTF-8 -A /usr/share/locale/locale.alias en_US.UTF-8  && echo 'global\n stats socket /run/haproxy/admin.sock mode 660 level admin' > /etc/haproxy/haproxy.cfg  && echo 'syntax on\nfiletype plugin indent on\nset mouse-=a\nautocmd FileType yaml setlocal ts=2 sts=2 sw=2 expandtab' > /etc/vim/vimrc.local  && mkdir -p "$PGHOME/.config/patroni" /patroni /run/haproxy  && ln -s ../../postgres0.yml "$PGHOME/.config/patroni/patronictl.yaml"  && ln -s /patronictl.py /usr/local/bin/patronictl  && sed -i "s|/var/lib/postgresql.*|$PGHOME:/bin/bash|" /etc/passwd  && chown -R postgres:postgres /var/log  && curl -sL "https://github.com/coreos/etcd/releases/download/v$ETCDVERSION/etcd-v$ETCDVERSION-linux-$( dpkg --print-architecture ;).tar.gz" | tar xz -C /usr/local/bin --strip=1 --wildcards --no-anchored etcd etcdctl  && if [ $( dpkg --print-architecture ;) = 'arm64' ] ; then apt-get install --no-install-recommends git make -y  && curl -sL https://go.dev/dl/go1.20.4.linux-arm64.tar.gz | tar xz -C /usr/local go  && export GOROOT=/usr/local/go  && export PATH=$PATH:$GOROOT/bin  && git clone --recurse-submodules https://github.com/kelseyhightower/confd.git  && make -C confd  && cp confd/bin/confd /usr/local/bin/confd  && rm -rf /confd /usr/local/go ; else curl -sL "https://github.com/kelseyhightower/confd/releases/download/v$CONFDVERSION/confd-$CONFDVERSION-linux-$( dpkg --print-architecture ;)" > /usr/local/bin/confd  && chmod +x /usr/local/bin/confd ; fi  && apt-get purge -y --allow-remove-essential python3-pip gzip bzip2 util-linux e2fsprogs libmagic1 bsdmainutils login ncurses-bin libmagic-mgc e2fslibs bsdutils exim4-config gnupg-agent dirmngr git make  && apt-get autoremove -y  && apt-get clean -y  && rm -rf /var/lib/apt/lists/* /root/.cache /var/cache/debconf/* /etc/rc?.d /etc/systemd /docker-entrypoint* /sbin/pam* /sbin/swap* /sbin/unix* /usr/local/bin/gosu /usr/sbin/[acgipr]* /usr/sbin/*user* /usr/share/doc* /usr/share/man /usr/share/info /usr/share/i18n/locales/translit_hangul /usr/share/locale/?? /usr/share/locale/??_?? /usr/share/postgresql/*/man /usr/share/postgresql-common/pg_wrapper /usr/share/vim/vim*/doc /usr/share/vim/vim*/lang /usr/share/vim/vim*/tutor  && find /usr/bin -xtype l -delete  && find /var/log -type f -exec truncate --size 0 {} ;  && find /usr/lib/python3/dist-packages -name '*test*' | xargs rm -fr  && find /lib/$( uname -m ;)-linux-gnu/security -type f ! -name pam_env.so ! -name pam_permit.so ! -name pam_unix.so -delete<phase>: <path>/home/zhangchenhui/docker_smell_1027/repair_result/dataset_fast/star1000+_dockerfile/dockercleaner/zalando__patroni__Dockerfile<path><error>build failed with exit code: 2<error>
<phase>Step 10/12 : RUN groupadd --system docker-user ; useradd --system --gid docker-user docker-user<phase>: <path>/home/zhangchenhui/docker_smell_1027/repair_result/dataset_fast/star1000+_dockerfile/dockercleaner/zhangmingzhao1__streamerhelper__Dockerfile<path><error>build failed with exit code: 127<error>
<phase>Step 7/8 : RUN groupadd --system docker-user ; useradd --system --gid docker-user docker-user<phase>: <path>/home/zhangchenhui/docker_smell_1027/repair_result/dataset_fast/star1000+_dockerfile/dockercleaner/zhayujie__bot-on-anything__Dockerfile<path><error>build failed with exit code: 127<error>
<phase>Step 14/15 : RUN groupadd --system docker-user ; useradd --system --gid docker-user docker-user<phase>: <path>/home/zhangchenhui/docker_smell_1027/repair_result/dataset_fast/star1000+_dockerfile/dockercleaner/zotify-dev__zotify__Dockerfile<path><error>build failed with exit code: 127<error>
