<phase>[0mThe command '/bin/sh -c cargo fetch' returned a non-zero code: 101<phase>: <path>/home/zhangchenhui/docker_smell_1027/repair_result/dataset_fast/star1000+_dockerfile/dsr1_671b_hd_LLM/0x727__observerward__Dockerfile<path><error>build failed with exit code: 101<error>
<phase>[0mThe command '/bin/bash -exo pipefail -c useradd -m --uid 1000 mkdocs' returned a non-zero code: 1<phase>: <path>/home/zhangchenhui/docker_smell_1027/repair_result/dataset_fast/star1000+_dockerfile/dsr1_671b_hd_LLM/PagerDuty__incident-response-docs__Dockerfile<path><error>build failed with exit code: 1<error>
<phase>Error response from daemon: dockerfile parse error on line 10: unknown instruction: echo<phase>: <path>/home/zhangchenhui/docker_smell_1027/repair_result/dataset_fast/star1000+_dockerfile/dsr1_671b_hd_LLM/allinssl__allinssl__Dockerfile<path><error>build failed with exit code: 1<error>
<phase>Error response from daemon: dockerfile parse error on line 19: unknown instruction: npm<phase>: <path>/home/zhangchenhui/docker_smell_1027/repair_result/dataset_fast/star1000+_dockerfile/dsr1_671b_hd_LLM/alseambusher__crontab-ui__Dockerfile<path><error>build failed with exit code: 1<error>
<phase>Error response from daemon: dockerfile parse error on line 9: unknown instruction: npm<phase>: <path>/home/zhangchenhui/docker_smell_1027/repair_result/dataset_fast/star1000+_dockerfile/dsr1_671b_hd_LLM/amark__gun__Dockerfile<path><error>build failed with exit code: 1<error>
<phase>[0mThe command '/bin/ash -o pipefail -c sed -i '1s|.*|' returned a non-zero code: 2<phase>: <path>/home/zhangchenhui/docker_smell_1027/repair_result/dataset_fast/star1000+_dockerfile/dsr1_671b_hd_LLM/ambionics__phpggc__Dockerfile<path><error>build failed with exit code: 2<error>
<phase>Error response from daemon: dockerfile parse error on line 43: unknown instruction: printf<phase>: <path>/home/zhangchenhui/docker_smell_1027/repair_result/dataset_fast/star1000+_dockerfile/dsr1_671b_hd_LLM/armon__bloomd__Dockerfile<path><error>build failed with exit code: 1<error>
<phase>Error response from daemon: dockerfile parse error on line 16: unknown instruction: &&<phase>: <path>/home/zhangchenhui/docker_smell_1027/repair_result/dataset_fast/star1000+_dockerfile/dsr1_671b_hd_LLM/arzzen__git-quick-stats__Dockerfile<path><error>build failed with exit code: 1<error>
<phase>Error response from daemon: dockerfile parse error on line 6: unknown instruction: chmod (did you mean cmd?)<phase>: <path>/home/zhangchenhui/docker_smell_1027/repair_result/dataset_fast/star1000+_dockerfile/dsr1_671b_hd_LLM/assimon__dujiaoka__Dockerfile<path><error>build failed with exit code: 1<error>
<phase>[0mThe command '/bin/sh -c apk add --no-cache 'git=*'; git config --global user.email "user@example.com"; git config --global user.name "User Name";' returned a non-zero code: 127<phase>: <path>/home/zhangchenhui/docker_smell_1027/repair_result/dataset_fast/star1000+_dockerfile/dsr1_671b_hd_LLM/basherpm__basher__Dockerfile<path><error>build failed with exit code: 127<error>
<phase>[0mThe command '/bin/sh -c python3 -m pip install --no-cache-dir -r requirements.txt' returned a non-zero code: 1<phase>: <path>/home/zhangchenhui/docker_smell_1027/repair_result/dataset_fast/star1000+_dockerfile/dsr1_671b_hd_LLM/blitzkraft__saythanks.io__Dockerfile<path><error>build failed with exit code: 1<error>
<phase>[0mThe command '/bin/bash -o pipefail -c apt-get update     && apt-get install -y --no-install-recommends ca-certificates curl gnupg lsb-release     && mkdir -p /etc/apt/keyrings     && curl -fsSL https://download.docker.com/linux/ubuntu/gpg | gpg --dearmor -o /etc/apt/keyrings/docker.gpg     && echo "deb [arch=$(dpkg --print-architecture) signed-by=/etc/apt/keyrings/docker.gpg]"             "https://download.docker.com/linux/ubuntu" "$(lsb_release -cs) stable"             | tee /etc/apt/sources.list.d/docker.list > /dev/null     && apt-get update     && apt-get install -y --no-install-recommends locales ufw     && apt-get install -y --no-install-recommends "docker-ce=$(apt-cache madison docker-ce | grep -m1 -F "${docker_version}" | cut -d'|' -f2 | tr -d '[[:blank:]]')"     && locale-gen en_US.UTF-8     && if "$use_iptables_legacy"; then           apt-get -y install arptables ebtables           && update-alternatives --install /usr/sbin/arptables arptables /usr/sbin/arptables-legacy 100           && update-alternatives --install /usr/sbin/ebtables ebtables /usr/sbin/ebtables-legacy 100           && update-alternatives --set iptables /usr/sbin/iptables-legacy           && update-alternatives --set ip6tables /usr/sbin/ip6tables-legacy           && update-alternatives --set arptables /usr/sbin/arptables-legacy           && update-alternatives --set ebtables /usr/sbin/ebtables-legacy;        fi     && apt-get clean autoclean     && apt-get autoremove --yes     && rm -rf /var/lib/{apt,dpkg,cache,log}/' returned a non-zero code: 100<phase>: <path>/home/zhangchenhui/docker_smell_1027/repair_result/dataset_fast/star1000+_dockerfile/dsr1_671b_hd_LLM/chaifeng__ufw-docker__Dockerfile<path><error>build failed with exit code: 100<error>
<phase>Error response from daemon: dockerfile parse error on line 45: unknown instruction: npm<phase>: <path>/home/zhangchenhui/docker_smell_1027/repair_result/dataset_fast/star1000+_dockerfile/dsr1_671b_hd_LLM/chrisleekr__binance-trading-bot__Dockerfile<path><error>build failed with exit code: 1<error>
<phase>failed to process "\"\\[\\e[0;33m\\]|> cement <| \\[\\e[1;35m\\]\\W\\[\\e[0m\\] \\[\\e[0m\\]": unexpected end of statement while looking for matching double-quote<phase>: <path>/home/zhangchenhui/docker_smell_1027/repair_result/dataset_fast/star1000+_dockerfile/dsr1_671b_hd_LLM/datafolklabs__cement__Dockerfile<path><error>build failed with exit code: 1<error>
<phase>error during connect: Post "http://%2Fvar%2Frun%2Fdocker.sock/v1.51/build?dockerfile=.dockerfile.cf87d742fb8e62d996c2&t=star-100&version=1": archive/tar: write too long<phase>: <path>/home/zhangchenhui/docker_smell_1027/repair_result/dataset_fast/star1000+_dockerfile/dsr1_671b_hd_LLM/devinus__poison__Dockerfile<path><error>build failed with exit code: 1<error>
<phase>[0mThe command '/bin/sh -c git submodule update --init --recursive' returned a non-zero code: 128<phase>: <path>/home/zhangchenhui/docker_smell_1027/repair_result/dataset_fast/star1000+_dockerfile/dsr1_671b_hd_LLM/egzumer__uv-k5-firmware-custom__Dockerfile<path><error>build failed with exit code: 128<error>
<phase>[0mThe command '/bin/sh -c cargo build --release' returned a non-zero code: 101<phase>: <path>/home/zhangchenhui/docker_smell_1027/repair_result/dataset_fast/star1000+_dockerfile/dsr1_671b_hd_LLM/getAsterisk__deepclaude__Dockerfile<path><error>build failed with exit code: 101<error>
<phase>[0mThe command '/bin/sh -c pip install --no-cache-dir ${PIP_OPTIONS}' returned a non-zero code: 1<phase>: <path>/home/zhangchenhui/docker_smell_1027/repair_result/dataset_fast/star1000+_dockerfile/dsr1_671b_hd_LLM/gilesknap__gphotos-sync__Dockerfile<path><error>build failed with exit code: 1<error>
<phase>Error response from daemon: dockerfile parse error on line 14: unknown instruction: ><phase>: <path>/home/zhangchenhui/docker_smell_1027/repair_result/dataset_fast/star1000+_dockerfile/dsr1_671b_hd_LLM/git-quick-stats__git-quick-stats__Dockerfile<path><error>build failed with exit code: 1<error>
<phase>COPY failed: file not found in build context or excluded by .dockerignore: stat .git: file does not exist<phase>: <path>/home/zhangchenhui/docker_smell_1027/repair_result/dataset_fast/star1000+_dockerfile/dsr1_671b_hd_LLM/github__pages-gem__Dockerfile<path><error>build failed with exit code: 1<error>
<phase>Processing triggers for libc-bin (2.41-12) ...<phase>: <path>/home/zhangchenhui/docker_smell_1027/repair_result/dataset_fast/star1000+_dockerfile/dsr1_671b_hd_LLM/google-gemini__gemini-fullstack-langgraph-quickstart__Dockerfile<path><error>build terminated - no output for 60 seconds<error>
<phase>---> Running in ef3b4a4d839a<phase>: <path>/home/zhangchenhui/docker_smell_1027/repair_result/dataset_fast/star1000+_dockerfile/dsr1_671b_hd_LLM/googlechromelabs__comlink__Dockerfile<path><error>build terminated - no output for 60 seconds<error>
<phase>[0m[91m Resolving dependencies<phase>: <path>/home/zhangchenhui/docker_smell_1027/repair_result/dataset_fast/star1000+_dockerfile/dsr1_671b_hd_LLM/grab__cursor-talk-to-figma-mcp__Dockerfile<path><error>build terminated - no output for 60 seconds<error>
<phase>[0mThe command '/bin/bash -o pipefail -c yarn install --immutable &&     yarn build &&     yarn cache clean &&     rm -rf node_modules' returned a non-zero code: 1<phase>: <path>/home/zhangchenhui/docker_smell_1027/repair_result/dataset_fast/star1000+_dockerfile/dsr1_671b_hd_LLM/guillaumebriday__laravel-blog__Dockerfile<path><error>build failed with exit code: 1<error>
<phase>Get "https://registry-1.docker.io/v2/": read tcp [2001:da8:2019:e072:f6e9:75ff:fe23:84bc]:44208->[2600:1f18:2148:bc01:9cd8:5b88:c18:768b]:443: read: connection reset by peer<phase>: <path>/home/zhangchenhui/docker_smell_1027/repair_result/dataset_fast/star1000+_dockerfile/dsr1_671b_hd_LLM/guzzle__guzzle__Dockerfile<path><error>build failed with exit code: 1<error>
<phase>---> Running in 3f042220bfd0<phase>: <path>/home/zhangchenhui/docker_smell_1027/repair_result/dataset_fast/star1000+_dockerfile/dsr1_671b_hd_LLM/gwuhaolin__livego__Dockerfile<path><error>build terminated - no output for 60 seconds<error>
<phase>The command '/bin/sh -c curl -s 'https://beta.quicklisp.org/quicklisp.lisp' > /opt/quicklisp.lisp &&     sbcl --noinform --load /opt/quicklisp.lisp          --eval '(quicklisp-quickstart:install :path "/opt/quicklisp")'          --eval '(sb-ext:quit)' &&     mkdir -p quicklisp &&     mkdir -p /opt/data &&     apt-get -qq remove curl -y &&     apt-get -qq autoremove -y &&     apt-get -qq autoclean -y' returned a non-zero code: 77<phase>: <path>/home/zhangchenhui/docker_smell_1027/repair_result/dataset_fast/star1000+_dockerfile/dsr1_671b_hd_LLM/inconvergent__weird__Dockerfile<path><error>build failed with exit code: 77<error>
<phase>[4/4] Building fresh packages...<phase>: <path>/home/zhangchenhui/docker_smell_1027/repair_result/dataset_fast/star1000+_dockerfile/dsr1_671b_hd_LLM/jbesomi__texthero__Dockerfile<path><error>build terminated - no output for 60 seconds<error>
<phase>Error response from daemon: dockerfile parse error on line 29: unknown instruction: &&<phase>: <path>/home/zhangchenhui/docker_smell_1027/repair_result/dataset_fast/star1000+_dockerfile/dsr1_671b_hd_LLM/kelektiv__node.bcrypt.js__Dockerfile<path><error>build failed with exit code: 1<error>
<phase>[0mThe command '/bin/sh -c npm config set registry https://registry.npmmirror.com/' returned a non-zero code: 1<phase>: <path>/home/zhangchenhui/docker_smell_1027/repair_result/dataset_fast/star1000+_dockerfile/dsr1_671b_hd_LLM/l2xu__betterbahn__Dockerfile<path><error>build failed with exit code: 1<error>
<phase>fetch http://dl-cdn.alpinelinux.org/alpine/v3.12/main/x86_64/APKINDEX.tar.gz<phase>: <path>/home/zhangchenhui/docker_smell_1027/repair_result/dataset_fast/star1000+_dockerfile/dsr1_671b_hd_LLM/leandromoreira__cdn-up-and-running__Dockerfile<path><error>build terminated - no output for 60 seconds<error>
<phase>fetch http://dl-cdn.alpinelinux.org/alpine/v3.9/main/x86_64/APKINDEX.tar.gz<phase>: <path>/home/zhangchenhui/docker_smell_1027/repair_result/dataset_fast/star1000+_dockerfile/dsr1_671b_hd_LLM/leebenson__reactql__Dockerfile<path><error>build terminated - no output for 60 seconds<error>
<phase>[0mThe command '/bin/sh -c apt-get update &&     apt-get install -y --no-install-recommends nginx &&     rm -rf /var/lib/apt/lists/*' returned a non-zero code: 100<phase>: <path>/home/zhangchenhui/docker_smell_1027/repair_result/dataset_fast/star1000+_dockerfile/dsr1_671b_hd_LLM/levywang__avhub__Dockerfile<path><error>build failed with exit code: 100<error>
<phase>Get "https://registry-1.docker.io/v2/": read tcp [2001:da8:2019:e072:f6e9:75ff:fe23:84bc]:33050->[2600:1f18:2148:bc00:1e63:96c5:550b:eee7]:443: read: connection reset by peer<phase>: <path>/home/zhangchenhui/docker_smell_1027/repair_result/dataset_fast/star1000+_dockerfile/dsr1_671b_hd_LLM/lfe__lfe__Dockerfile<path><error>build failed with exit code: 1<error>
<phase>Error response from daemon: dockerfile parse error on line 11: unknown instruction: npm<phase>: <path>/home/zhangchenhui/docker_smell_1027/repair_result/dataset_fast/star1000+_dockerfile/dsr1_671b_hd_LLM/libccy__noname__Dockerfile<path><error>build failed with exit code: 1<error>
<phase>â„¹ [paraglide] Compiling inlang project at "./project.inlang".<phase>: <path>/home/zhangchenhui/docker_smell_1027/repair_result/dataset_fast/star1000+_dockerfile/dsr1_671b_hd_LLM/lxfater__inpaint-web__Dockerfile<path><error>build terminated - no output for 60 seconds<error>
<phase>OK: 327 MiB in 67 packages<phase>: <path>/home/zhangchenhui/docker_smell_1027/repair_result/dataset_fast/star1000+_dockerfile/dsr1_671b_hd_LLM/m4ll0k__secretfinder__Dockerfile<path><error>build terminated - no output for 60 seconds<error>
<phase>Get "https://registry-1.docker.io/v2/": read tcp [2001:da8:2019:e072:f6e9:75ff:fe23:84bc]:50550->[2600:1f18:2148:bc01:47c5:bb35:c96e:6bdd]:443: read: connection reset by peer<phase>: <path>/home/zhangchenhui/docker_smell_1027/repair_result/dataset_fast/star1000+_dockerfile/dsr1_671b_hd_LLM/m4tt72__terminal__Dockerfile<path><error>build failed with exit code: 1<error>
<phase>Error response from daemon: dockerfile parse error on line 8: unknown instruction: pnpm<phase>: <path>/home/zhangchenhui/docker_smell_1027/repair_result/dataset_fast/star1000+_dockerfile/dsr1_671b_hd_LLM/magic-akari__lrc-maker__Dockerfile<path><error>build failed with exit code: 1<error>
<phase>error during connect: Post "http://%2Fvar%2Frun%2Fdocker.sock/v1.51/build?dockerfile=.dockerfile.95257cb4c6c60653c9af&t=star-227&version=1": archive/tar: write too long<phase>: <path>/home/zhangchenhui/docker_smell_1027/repair_result/dataset_fast/star1000+_dockerfile/dsr1_671b_hd_LLM/markqvist__nomadnet__Dockerfile<path><error>build failed with exit code: 1<error>
<phase>[0mThe command '/bin/sh -c wget --progress=dot:giga https://gh-proxy.com/https://github.com//martanne/libuntar/tarball/7c7247b442b021588f6deba78b60ef3b05ab1e0c -O libuntar.tar.gz &&     tar xf libuntar.tar.gz && cd ./*-libuntar-*/ &&     make &&     mkdir -p /usr/local/include &&     cp lib/libuntar.h /usr/local/include &&     cp lib/libuntar.a /usr/local/lib &&     rm -rf /build/*libuntar*' returned a non-zero code: 8<phase>: <path>/home/zhangchenhui/docker_smell_1027/repair_result/dataset_fast/star1000+_dockerfile/dsr1_671b_hd_LLM/martanne__vis__Dockerfile<path><error>build failed with exit code: 8<error>
<phase>error during connect: Post "http://%2Fvar%2Frun%2Fdocker.sock/v1.51/build?dockerfile=.dockerfile.3b4a8861aeffb62bbf91&t=star-249&version=1": archive/tar: write too long<phase>: <path>/home/zhangchenhui/docker_smell_1027/repair_result/dataset_fast/star1000+_dockerfile/dsr1_671b_hd_LLM/ms-jpq__chadtree__Dockerfile<path><error>build failed with exit code: 1<error>
<phase>Error response from daemon: dockerfile parse error on line 11: unknown instruction: &&<phase>: <path>/home/zhangchenhui/docker_smell_1027/repair_result/dataset_fast/star1000+_dockerfile/dsr1_671b_hd_LLM/nakanomikuorg__arch-guide__Dockerfile<path><error>build failed with exit code: 1<error>
<phase>Error response from daemon: dockerfile parse error on line 11: unknown instruction: pnpm<phase>: <path>/home/zhangchenhui/docker_smell_1027/repair_result/dataset_fast/star1000+_dockerfile/dsr1_671b_hd_LLM/nihaojob__vue-fabric-editor__Dockerfile<path><error>build failed with exit code: 1<error>
<phase>Error response from daemon: dockerfile parse error on line 19: unknown instruction: npm<phase>: <path>/home/zhangchenhui/docker_smell_1027/repair_result/dataset_fast/star1000+_dockerfile/dsr1_671b_hd_LLM/nwtgck__piping-server__Dockerfile<path><error>build failed with exit code: 1<error>
<phase>[0mThe command '/bin/sh -c apt-get update &&     apt-get install -y --no-install-recommends autoconf build-essential libunwind-dev binutils-dev libiberty-dev zlib1g-dev &&     autoreconf --install &&     ./configure &&     make &&     make install &&     rm -rf /var/lib/apt/lists/*' returned a non-zero code: 1<phase>: <path>/home/zhangchenhui/docker_smell_1027/repair_result/dataset_fast/star1000+_dockerfile/dsr1_671b_hd_LLM/p403n1x87__austin__Dockerfile<path><error>build failed with exit code: 1<error>
<phase>The command '/bin/sh -c yarn install --frozen-lockfile' returned a non-zero code: 1<phase>: <path>/home/zhangchenhui/docker_smell_1027/repair_result/dataset_fast/star1000+_dockerfile/dsr1_671b_hd_LLM/pad-ws__pad.ws__Dockerfile<path><error>build failed with exit code: 1<error>
<phase>[0mThe command '/bin/sh -c apk add --no-cache git make &&     CGO_ENABLED=0 make build' returned a non-zero code: 2<phase>: <path>/home/zhangchenhui/docker_smell_1027/repair_result/dataset_fast/star1000+_dockerfile/dsr1_671b_hd_LLM/peak__s5cmd__Dockerfile<path><error>build failed with exit code: 2<error>
<phase>Error response from daemon: dockerfile parse error on line 35: unknown instruction: -e<phase>: <path>/home/zhangchenhui/docker_smell_1027/repair_result/dataset_fast/star1000+_dockerfile/dsr1_671b_hd_LLM/perftools__xhgui__Dockerfile<path><error>build failed with exit code: 1<error>
<phase>Error response from daemon: dockerfile parse error on line 22: unknown instruction: sed (did you mean user?)<phase>: <path>/home/zhangchenhui/docker_smell_1027/repair_result/dataset_fast/star1000+_dockerfile/dsr1_671b_hd_LLM/phyver__gameshell__Dockerfile<path><error>build failed with exit code: 1<error>
<phase>Error response from daemon: dockerfile parse error on line 18: unknown instruction: &&<phase>: <path>/home/zhangchenhui/docker_smell_1027/repair_result/dataset_fast/star1000+_dockerfile/dsr1_671b_hd_LLM/pmotschmann__evolve__Dockerfile<path><error>build failed with exit code: 1<error>
<phase>Error response from daemon: dockerfile parse error on line 26: unknown instruction: npm<phase>: <path>/home/zhangchenhui/docker_smell_1027/repair_result/dataset_fast/star1000+_dockerfile/dsr1_671b_hd_LLM/psi-4ward__psitransfer__Dockerfile<path><error>build failed with exit code: 1<error>
<phase>Error response from daemon: dockerfile parse error on line 7: unknown instruction: corepack<phase>: <path>/home/zhangchenhui/docker_smell_1027/repair_result/dataset_fast/star1000+_dockerfile/dsr1_671b_hd_LLM/pure-admin__pure-admin-thin__Dockerfile<path><error>build failed with exit code: 1<error>
<phase>Error response from daemon: dockerfile parse error on line 8: unknown instruction: npm<phase>: <path>/home/zhangchenhui/docker_smell_1027/repair_result/dataset_fast/star1000+_dockerfile/dsr1_671b_hd_LLM/qeeqbox__social-analyzer__Dockerfile<path><error>build failed with exit code: 1<error>
<phase>[0mThe command '/bin/sh -c pip install grip &&     git clone https://gh-proxy.com/https://github.com//ramitsurana/awesome-kubernetes' returned a non-zero code: 127<phase>: <path>/home/zhangchenhui/docker_smell_1027/repair_result/dataset_fast/star1000+_dockerfile/dsr1_671b_hd_LLM/ramitsurana__awesome-kubernetes__Dockerfile<path><error>build failed with exit code: 127<error>
<phase>Error response from daemon: dockerfile parse error on line 12: unknown instruction: npm<phase>: <path>/home/zhangchenhui/docker_smell_1027/repair_result/dataset_fast/star1000+_dockerfile/dsr1_671b_hd_LLM/reactiflux__discord-irc__Dockerfile<path><error>build failed with exit code: 1<error>
<phase>[0mThe command '/bin/sh -c apk add --no-cache     bash     bash-completion     docker-bash-completion     openssh     curl     unzip     jq     && ARCH=$(uname -m)     && case "$ARCH" in         x86_64) DOWNLOAD_URL="https://releases.hashicorp.com/terraform/1.11.2/terraform_1.11.2_linux_amd64.zip" ;;         i686) DOWNLOAD_URL="https://releases.hashicorp.com/terraform/1.11.2/terraform_1.11.2_linux_386.zip" ;;         aarch64) DOWNLOAD_URL="https://releases.hashicorp.com/terraform/1.11.2/terraform_1.11.2_linux_arm64.zip" ;;         *) echo "Unsupported architecture: $ARCH" && exit 1 ;;     esac     && wget --progress=dot:giga -O terraform.zip "$DOWNLOAD_URL"     && unzip terraform.zip -d /usr/bin/     && rm terraform.zip     && pip3 install --no-cache-dir awscli==1.38.11 --upgrade' returned a non-zero code: 1<phase>: <path>/home/zhangchenhui/docker_smell_1027/repair_result/dataset_fast/star1000+_dockerfile/dsr1_671b_hd_LLM/rhinosecuritylabs__cloudgoat__Dockerfile<path><error>build failed with exit code: 1<error>
<phase>[0mThe command '/bin/sh -c wget --progress=dot:giga https://releases.hashicorp.com/vault/${VAULT_VERSION}/vault_${VAULT_VERSION}_linux_amd64.zip && 	unzip vault_${VAULT_VERSION}_linux_amd64.zip && 	rm vault_${VAULT_VERSION}_linux_amd64.zip && 	mv vault /usr/local/bin/vault' returned a non-zero code: 1<phase>: <path>/home/zhangchenhui/docker_smell_1027/repair_result/dataset_fast/star1000+_dockerfile/dsr1_671b_hd_LLM/rtcamp__action-slack-notify__Dockerfile<path><error>build failed with exit code: 1<error>
<phase>[0mThe command '/bin/bash -o pipefail -c apt-get update  && DEBIAN_FRONTEND=noninteractive apt-get install -y --no-install-recommends wget gnupg  && wget --quiet -O - https://www.postgresql.org/media/keys/ACCC4CF8.asc | apt-key add -  && echo 'deb http://apt.postgresql.org/pub/repos/apt/ jammy-pgdg main' >> /etc/apt/sources.list' returned a non-zero code: 2<phase>: <path>/home/zhangchenhui/docker_smell_1027/repair_result/dataset_fast/star1000+_dockerfile/dsr1_671b_hd_LLM/sameersbn__docker-postgresql__Dockerfile<path><error>build failed with exit code: 2<error>
<phase>The command '/bin/sh -c pnpm run build' returned a non-zero code: 1<phase>: <path>/home/zhangchenhui/docker_smell_1027/repair_result/dataset_fast/star1000+_dockerfile/dsr1_671b_hd_LLM/satnaing__astro-paper__Dockerfile<path><error>build failed with exit code: 1<error>
<phase>Error response from daemon: dockerfile parse error on line 12: unknown instruction: &&<phase>: <path>/home/zhangchenhui/docker_smell_1027/repair_result/dataset_fast/star1000+_dockerfile/dsr1_671b_hd_LLM/schlagmichdoch__pairdrop__Dockerfile<path><error>build failed with exit code: 1<error>
<phase>Error response from daemon: dockerfile parse error on line 17: unknown instruction: npm<phase>: <path>/home/zhangchenhui/docker_smell_1027/repair_result/dataset_fast/star1000+_dockerfile/dsr1_671b_hd_LLM/smithery-ai__mcp-obsidian__Dockerfile<path><error>build failed with exit code: 1<error>
<phase>[0mThe command '/bin/sh -c apt-get install -y build-essential &&     rm -rf /var/lib/apt/lists/* &&     mkdir /workspace' returned a non-zero code: 100<phase>: <path>/home/zhangchenhui/docker_smell_1027/repair_result/dataset_fast/star1000+_dockerfile/dsr1_671b_hd_LLM/stellar__soroban-example-dapp__Dockerfile<path><error>build failed with exit code: 100<error>
<phase>[0m[91m+ wget -q https://raw.githubusercontent.com/diafygi/acme-tiny/5.0.1/acme_tiny.py -O /bin/acme_tiny<phase>: <path>/home/zhangchenhui/docker_smell_1027/repair_result/dataset_fast/star1000+_dockerfile/dsr1_671b_hd_LLM/steveltn__https-portal__Dockerfile<path><error>build terminated - no output for 60 seconds<error>
<phase>[0mThe command '/bin/bash -o pipefail -c curl -sSL https://raw.githubusercontent.com/tailcallhq/tailcall/master/install.sh | bash -s' returned a non-zero code: 77<phase>: <path>/home/zhangchenhui/docker_smell_1027/repair_result/dataset_fast/star1000+_dockerfile/dsr1_671b_hd_LLM/tailcallhq__tailcall__Dockerfile<path><error>build failed with exit code: 77<error>
<phase>Error response from daemon: dockerfile parse error on line 11: unknown instruction: npm<phase>: <path>/home/zhangchenhui/docker_smell_1027/repair_result/dataset_fast/star1000+_dockerfile/dsr1_671b_hd_LLM/talebook__talebook__Dockerfile<path><error>build failed with exit code: 1<error>
<phase>[0mThe command '/bin/sh -c chmod +x /usr/local/bin/docker-entrypoint.sh &&     chmod 644 /usr/local/etc/haproxy/haproxy.cfg.template' returned a non-zero code: 1<phase>: <path>/home/zhangchenhui/docker_smell_1027/repair_result/dataset_fast/star1000+_dockerfile/dsr1_671b_hd_LLM/tecnativa__docker-socket-proxy__Dockerfile<path><error>build failed with exit code: 1<error>
<phase>[0mThe command '/bin/sh -c wget --progress=dot:giga -O /tmp/tfenv.tar.gz "https://gh-proxy.com/https://github.com//tfutils/tfenv/archive/refs/tags/v${TFENV_VERSION}.tar.gz"     && tar -C /tmp -xf /tmp/tfenv.tar.gz     && mv "/tmp/tfenv-${TFENV_VERSION}/bin"/* /usr/local/bin/     && mkdir -p /usr/local/lib/tfenv     && mv "/tmp/tfenv-${TFENV_VERSION}/lib" /usr/local/lib/tfenv/     && mv "/tmp/tfenv-${TFENV_VERSION}/libexec" /usr/local/lib/tfenv/     && mkdir -p /usr/local/share/licenses     && mv "/tmp/tfenv-${TFENV_VERSION}/LICENSE" /usr/local/share/licenses/tfenv     && rm -rf /tmp/tfenv*     ;' returned a non-zero code: 1<phase>: <path>/home/zhangchenhui/docker_smell_1027/repair_result/dataset_fast/star1000+_dockerfile/dsr1_671b_hd_LLM/tfutils__tfenv__Dockerfile<path><error>build failed with exit code: 1<error>
<phase>Get:4 http://deb.debian.org/debian trixie/main amd64 Packages [9669 kB]<phase>: <path>/home/zhangchenhui/docker_smell_1027/repair_result/dataset_fast/star1000+_dockerfile/dsr1_671b_hd_LLM/threatexpress__domainhunter__dockerfile<path><error>build terminated - no output for 60 seconds<error>
<phase>Error response from daemon: dockerfile parse error on line 18: unknown instruction: npm<phase>: <path>/home/zhangchenhui/docker_smell_1027/repair_result/dataset_fast/star1000+_dockerfile/dsr1_671b_hd_LLM/threema-ch__threema-web__Dockerfile<path><error>build failed with exit code: 1<error>
<phase>[0m[91mCloning into 'AIX360'...<phase>: <path>/home/zhangchenhui/docker_smell_1027/repair_result/dataset_fast/star1000+_dockerfile/dsr1_671b_hd_LLM/trusted-ai__aix360__Dockerfile<path><error>build terminated - no output for 60 seconds<error>
<phase>Error response from daemon: dockerfile parse error on line 8: unknown instruction: npm<phase>: <path>/home/zhangchenhui/docker_smell_1027/repair_result/dataset_fast/star1000+_dockerfile/dsr1_671b_hd_LLM/twikoojs__twikoo__Dockerfile<path><error>build failed with exit code: 1<error>
<phase>Error response from daemon: dockerfile parse error on line 25: unknown instruction: &&<phase>: <path>/home/zhangchenhui/docker_smell_1027/repair_result/dataset_fast/star1000+_dockerfile/dsr1_671b_hd_LLM/xwiki-labs__cryptpad__Dockerfile<path><error>build failed with exit code: 1<error>
<phase>Error response from daemon: dockerfile parse error on line 16: unknown instruction: &&<phase>: <path>/home/zhangchenhui/docker_smell_1027/repair_result/dataset_fast/star1000+_dockerfile/dsr1_671b_hd_LLM/yamadashy__repopack__Dockerfile<path><error>build failed with exit code: 1<error>
<phase>Get "https://registry-1.docker.io/v2/": read tcp [2001:da8:2019:e072:f6e9:75ff:fe23:84bc]:37922->[2600:1f18:2148:bc00:8624:afc6:f25:9562]:443: read: connection reset by peer<phase>: <path>/home/zhangchenhui/docker_smell_1027/repair_result/dataset_fast/star1000+_dockerfile/dsr1_671b_hd_LLM/yym68686__chatgpt-telegram-bot__Dockerfile<path><error>build failed with exit code: 1<error>
<phase>Error response from daemon: no build stage in current context<phase>: <path>/home/zhangchenhui/docker_smell_1027/repair_result/dataset_fast/star1000+_dockerfile/dsr1_671b_hd_LLM/zalando__patroni__Dockerfile<path><error>build failed with exit code: 1<error>
<phase>Get:2 http://deb.debian.org/debian trixie/main amd64 binutils-common amd64 2.44-3 [2509 kB]<phase>: <path>/home/zhangchenhui/docker_smell_1027/repair_result/dataset_fast/star1000+_dockerfile/dsr1_671b_hd_LLM/zero6992__chatgpt-discord-bot__Dockerfile<path><error>build terminated - no output for 60 seconds<error>
<phase>(9/15) Installing gcc (14.2.0-r6)<phase>: <path>/home/zhangchenhui/docker_smell_1027/repair_result/dataset_fast/star1000+_dockerfile/dsr1_671b_hd_LLM/zotify-dev__zotify__Dockerfile<path><error>build terminated - no output for 60 seconds<error>
