<phase><phase>: <path>/home/zhangchenhui/docker_smell_1027/repair_result/dataset_fast/star1000+_dockerfile/parfum/0x727__observerward__Dockerfile<path><error>build failed with exit code: 1<error>
<phase>Step 6/10 : RUN useradd -m --no-log-init --uid 1000 mkdocs<phase>: <path>/home/zhangchenhui/docker_smell_1027/repair_result/dataset_fast/star1000+_dockerfile/parfum/PagerDuty__incident-response-docs__Dockerfile<path><error>build failed with exit code: 1<error>
<phase>Step 4/14 : RUN apt-get install --no-install-recommends -y python3-dev && rm -rf /var/lib/apt/lists/*;<phase>: <path>/home/zhangchenhui/docker_smell_1027/repair_result/dataset_fast/star1000+_dockerfile/parfum/blitzkraft__saythanks.io__Dockerfile<path><error>build failed with exit code: 100<error>
<phase>Step 5/9 : RUN apt-get update     && apt-get install --no-install-recommends -y ca-certificates curl gnupg lsb-release     && mkdir -p /etc/apt/keyrings     && curl -fsSL https://download.docker.com/linux/ubuntu/gpg | gpg --batch --dearmor -o /etc/apt/keyrings/docker.gpg     && echo "deb [arch=$(dpkg --print-architecture) signed-by=/etc/apt/keyrings/docker.gpg]"             "https://download.docker.com/linux/ubuntu" "$(lsb_release -cs) stable"             | tee /etc/apt/sources.list.d/docker.list > /dev/null     && apt-get update     && apt-get install -y --no-install-recommends locales ufw     && apt-get install -y --no-install-recommends "docker-ce=$(apt-cache madison docker-ce | grep -m1 -F "${docker_version}" | cut -d'|' -f2 | tr -d '[[:blank:]]')"     && locale-gen en_US.UTF-8     && if "$use_iptables_legacy"; then           apt-get -y --no-install-recommends install arptables ebtables           && update-alternatives --install /usr/sbin/arptables arptables /usr/sbin/arptables-legacy 100           && update-alternatives --install /usr/sbin/ebtables ebtables /usr/sbin/ebtables-legacy 100           && update-alternatives --set iptables /usr/sbin/iptables-legacy           && update-alternatives --set ip6tables /usr/sbin/ip6tables-legacy           && update-alternatives --set arptables /usr/sbin/arptables-legacy           && update-alternatives --set ebtables /usr/sbin/ebtables-legacy;        fi     && apt-get clean autoclean     && apt-get autoremove --yes     && rm -rf /var/lib/{apt,dpkg,cache,log}/ && rm -rf /var/lib/apt/lists/*;<phase>: <path>/home/zhangchenhui/docker_smell_1027/repair_result/dataset_fast/star1000+_dockerfile/parfum/chaifeng__ufw-docker__Dockerfile<path><error>build failed with exit code: 2<error>
<phase>Step 2/40 : RUN apk add --no-cache make gcc g++ py-pip mongodb-tools redis<phase>: <path>/home/zhangchenhui/docker_smell_1027/repair_result/dataset_fast/star1000+_dockerfile/parfum/chrisleekr__binance-trading-bot__Dockerfile<path><error>build terminated - no output for 60 seconds<error>
<phase>Step 7/9 : RUN npm install && npm run build && npm prune --production && npm cache clean --force;<phase>: <path>/home/zhangchenhui/docker_smell_1027/repair_result/dataset_fast/star1000+_dockerfile/parfum/cla-assistant__cla-assistant__Dockerfile<path><error>build failed with exit code: 1<error>
<phase>Step 5/5 : RUN pip install --no-cache-dir --user -r requirements.txt -r<phase>: <path>/home/zhangchenhui/docker_smell_1027/repair_result/dataset_fast/star1000+_dockerfile/parfum/closeio__tasktiger__Dockerfile<path><error>build failed with exit code: 2<error>
<phase>Step 5/22 : RUN groupadd -r nodejs && useradd -g --no-log-init nodejs -s /bin/bash -d /home/nodejs -m nodejs<phase>: <path>/home/zhangchenhui/docker_smell_1027/repair_result/dataset_fast/star1000+_dockerfile/parfum/consumet__api.consumet.org__Dockerfile<path><error>build failed with exit code: 6<error>
<phase>Step 7/10 : RUN if [ "$TARGETARCH" = "amd64" ]; then     export DEBIAN_FRONTEND=noninteractive &&     useradd --system --no-log-init       --create-home       --shell /usr/sbin/nologin       stf-build &&     useradd --system --no-log-init       --create-home       --shell /usr/sbin/nologin       stf &&     sed -i'' 's@http://archive.ubuntu.com/ubuntu/@mirror://mirrors.ubuntu.com/mirrors.txt@' /etc/apt/sources.list &&     echo '--- Updating repositories' &&     apt-get update &&     echo '--- Upgrading repositories' &&     apt-get -y dist-upgrade &&     apt-get -y --no-install-recommends install wget python3 build-essential &&     cd /tmp &&     wget --progress=dot:mega       https://nodejs.org/dist/v22.11.0/node-v22.11.0-linux-x64.tar.xz &&     tar -xJf node-v*.tar.xz --strip-components 1 -C /usr/local &&     rm node-v*.tar.xz &&     su stf-build -s /bin/bash -c '/usr/local/lib/node_modules/npm/node_modules/node-gyp/bin/node-gyp.js install' &&     apt-get -y install --no-install-recommends libzmq3-dev libprotobuf-dev git graphicsmagick openjdk-8-jdk yasm cmake &&     apt-get clean &&     rm -rf /var/cache/apt/* /var/lib/apt/lists/* &&     mkdir /tmp/bundletool &&     cd /tmp/bundletool &&     wget --progress=dot:mega       https://github.com/google/bundletool/releases/download/1.2.0/bundletool-all-1.2.0.jar &&     mv bundletool-all-1.2.0.jar bundletool.jar &&     mkdir -p /app &&     chown -R stf:stf /tmp/build /tmp/bundletool /app &&     set -x &&     echo '--- Building app' &&     cd /tmp/build &&     export PATH=$PWD/node_modules/.bin:$PATH &&     echo 'npm install --python="/usr/bin/python3" --omit=optional --loglevel http' | su stf -s /bin/bash &&     echo '--- Assembling app' &&     echo 'npm pack' | su stf -s /bin/bash &&     tar xzf devicefarmer-stf-*.tgz --strip-components 1 -C /app &&     echo '/tmp/build/node_modules/.bin/bower cache clean' | su stf -s /bin/bash &&     npm prune --omit=dev &&     mv node_modules /app &&     rm -rf ~/.node-gyp &&     mkdir /app/bundletool &&     mv /tmp/bundletool/* /app/bundletool &&     cd /app &&     find /tmp -mindepth 1 ! -regex '^/tmp/hsperfdata_root\(/.*\)?' -delete &&     rm -rf doc .github .tx .semaphore *.md *.yaml LICENSE Dockerfile*       .eslintrc .nvmrc .tool-versions res/.eslintrc &&     cd &&     rm -rf .npm .cache .config .local &&     cd /app; rm devicefarmer-stf-*.tgz   fi<phase>: <path>/home/zhangchenhui/docker_smell_1027/repair_result/dataset_fast/star1000+_dockerfile/parfum/devicefarmer__stf__Dockerfile<path><error>build failed with exit code: 2<error>
<phase><phase>: <path>/home/zhangchenhui/docker_smell_1027/repair_result/dataset_fast/star1000+_dockerfile/parfum/devinus__poison__Dockerfile<path><error>build failed with exit code: 1<error>
<phase>Step 10/14 : RUN luarocks install cluacov<phase>: <path>/home/zhangchenhui/docker_smell_1027/repair_result/dataset_fast/star1000+_dockerfile/parfum/edubart__nelua-lang__Dockerfile<path><error>build failed with exit code: 2<error>
<phase><phase>: <path>/home/zhangchenhui/docker_smell_1027/repair_result/dataset_fast/star1000+_dockerfile/parfum/egzumer__uv-k5-firmware-custom__Dockerfile<path><error>build failed with exit code: 1<error>
<phase>Step 7/12 : RUN pip install --no-cache-dir ${PIP_OPTIONS}<phase>: <path>/home/zhangchenhui/docker_smell_1027/repair_result/dataset_fast/star1000+_dockerfile/parfum/gilesknap__gphotos-sync__Dockerfile<path><error>build terminated - no output for 300 seconds<error>
<phase>Step 3/17 : RUN apt-get update   && apt-get install --no-install-recommends -y     git     locales     make     nodejs && rm -rf /var/lib/apt/lists/*;<phase>: <path>/home/zhangchenhui/docker_smell_1027/repair_result/dataset_fast/star1000+_dockerfile/parfum/github__pages-gem__Dockerfile<path><error>build failed with exit code: 100<error>
<phase>Step 6/15 : RUN curl -f -sL https://github.com/nodenv/node-build/archive/master.tar.gz | tar xz -C /tmp/ &&     /tmp/node-build-master/bin/node-build "${NODE_VERSION}" /usr/local/node &&     corepack enable &&     rm -rf /tmp/node-build-master<phase>: <path>/home/zhangchenhui/docker_smell_1027/repair_result/dataset_fast/star1000+_dockerfile/parfum/guillaumebriday__laravel-blog__Dockerfile<path><error>build failed with exit code: 2<error>
<phase>Step 3/6 : RUN set -xe     && composer init --name=guzzlehttp/test --description="Simple project for testing Guzzle scripts" --author="Márk Sági-Kazár <mark.sagikazar@gmail.com>" --no-interaction     && composer require guzzlehttp/guzzle<phase>: <path>/home/zhangchenhui/docker_smell_1027/repair_result/dataset_fast/star1000+_dockerfile/parfum/guzzle__guzzle__Dockerfile<path><error>build failed with exit code: 100<error>
<phase>Step 2/14 : RUN apk update && apk add --no-cache postgresql-dev gcc python3-dev musl-dev<phase>: <path>/home/zhangchenhui/docker_smell_1027/repair_result/dataset_fast/star1000+_dockerfile/parfum/hack4impact__flask-base__Dockerfile<path><error>build failed with exit code: 2<error>
<phase>Step 6/8 : RUN yarn install --pure-lockfile && yarn cache clean;<phase>: <path>/home/zhangchenhui/docker_smell_1027/repair_result/dataset_fast/star1000+_dockerfile/parfum/hagopj13__node-express-boilerplate__Dockerfile<path><error>build failed with exit code: 1<error>
<phase>Step 4/18 : RUN curl -f -L -s 'https://beta.quicklisp.org/quicklisp.lisp' > /opt/quicklisp.lisp<phase>: <path>/home/zhangchenhui/docker_smell_1027/repair_result/dataset_fast/star1000+_dockerfile/parfum/inconvergent__weird__Dockerfile<path><error>build failed with exit code: 77<error>
<phase>Step 7/14 : RUN echo "#log: ${project}: Setup system"   && set -x   && apt-get update -y   && apt-get install --no-install-recommends -y     build-essential     python3   && apt-get clean   && update-alternatives --install /usr/local/bin/python python /usr/bin/python3 20   && npm i -g prebuildify@5 node-gyp@9   && sync && npm cache clean --force; && rm -rf /var/lib/apt/lists/*;<phase>: <path>/home/zhangchenhui/docker_smell_1027/repair_result/dataset_fast/star1000+_dockerfile/parfum/kelektiv__node.bcrypt.js__Dockerfile<path><error>build failed with exit code: 2<error>
<phase>Step 6/9 : RUN pnpm run build<phase>: <path>/home/zhangchenhui/docker_smell_1027/repair_result/dataset_fast/star1000+_dockerfile/parfum/magic-akari__lrc-maker__Dockerfile<path><error>build failed with exit code: 1<error>
<phase><phase>: <path>/home/zhangchenhui/docker_smell_1027/repair_result/dataset_fast/star1000+_dockerfile/parfum/markqvist__nomadnet__Dockerfile<path><error>build failed with exit code: 1<error>
<phase>Step 9/13 : RUN apt-get install --no-install-recommends -y --force-yes zip unzip libzip-dev git && rm -rf /var/lib/apt/lists/*;<phase>: <path>/home/zhangchenhui/docker_smell_1027/repair_result/dataset_fast/star1000+_dockerfile/parfum/matthiasmullie__minify__Dockerfile<path><error>build failed with exit code: 100<error>
<phase><phase>: <path>/home/zhangchenhui/docker_smell_1027/repair_result/dataset_fast/star1000+_dockerfile/parfum/ms-jpq__chadtree__Dockerfile<path><error>build failed with exit code: 1<error>
<phase>Step 3/9 : RUN apt-get update && apt-get -y --no-install-recommends install python3 python3-pip python3-venv python3-dev && rm -rf /var/lib/apt/lists/*; RUN apt-get -y upgrade<phase>: <path>/home/zhangchenhui/docker_smell_1027/repair_result/dataset_fast/star1000+_dockerfile/parfum/nemesida-waf__waf-bypass__Dockerfile<path><error>build failed with exit code: 127<error>
<phase>Step 3/3 : RUN apt-get update &&       apt-get install --no-install-recommends -y autoconf build-essential libunwind-dev binutils-dev libiberty-dev zlib1g-dev &&       cd /austin &&       autoreconf --install &&       ./configure --build="$(dpkg-architecture --query DEB_BUILD_GNU_TYPE)" &&       make &&       make install && rm -rf /var/lib/apt/lists/*;<phase>: <path>/home/zhangchenhui/docker_smell_1027/repair_result/dataset_fast/star1000+_dockerfile/parfum/p403n1x87__austin__Dockerfile<path><error>build failed with exit code: 1<error>
<phase>Step 6/37 : RUN set -x 	&& apk add --no-cache 		nginx 		php$PHP_SUFFIX-cli 		php$PHP_SUFFIX-ctype 		php$PHP_SUFFIX-fpm 		php$PHP_SUFFIX-iconv 		php$PHP_SUFFIX-json 		php$PHP_SUFFIX-pdo 		php$PHP_SUFFIX-pdo_mysql 		php$PHP_SUFFIX-pdo_pgsql 		php$PHP_SUFFIX-pdo_sqlite 		php$PHP_SUFFIX-pecl-mongodb 		php$PHP_SUFFIX-phar 		php$PHP_SUFFIX-session 		php$PHP_SUFFIX-simplexml 	&& adduser -u 82 -D -S -G www-data www-data 	&& sed -i 		-e "s#^;daemonize\s*=\s*yes#daemonize = no#" 		-e "s#^;error_log\s*=.*#error_log = /var/log 		$PHP_INI_DIR/php-fpm.conf 	&& POOL_CONFIG=$PHP_INI_DIR/php-fpm.d/www.conf 	&& sed -i 		-e "s#^listen\s*=.*#listen = [::]:9000#" 		-e "s#^listen\.allowed_clients\s*=.*#;&# 		-e "s#^;access\.log\s*=.*#access.log = / 		-e "s#^;clear_env\s*=.*#clear_env = no#" 		-e "s#^user = nobody\s*#user = www-data# 		-e "s#^group = nobody\s*#group = www-dat 		-e "s#^;catch_workers_output\s*=.*#catch 		$POOL_CONFIG 	&& rm -rf /var/log/php$PHP_SUFFIX 	&& ln -s php /var/log/php$PHP_SUFFIX 	&& install -d -o www-data -g www-data /var/log/php 	&& ln -s php-fpm$PHP_SUFFIX /usr/sbin/php-fpm 	&& ln -s /dev/stderr /var/log/php/fpm.access.log 	&& ln -s /dev/stderr /var/log/php/fpm.error.log 	&& ln -s /dev/stdout /var/log/nginx/access.log 	&& ln -s /dev/stderr /var/log/nginx/error.log 	&& ln -sf php$PHP_SUFFIX /usr/bin/php 	&& php -m<phase>: <path>/home/zhangchenhui/docker_smell_1027/repair_result/dataset_fast/star1000+_dockerfile/parfum/perftools__xhgui__Dockerfile<path><error>build failed with exit code: 2<error>
<phase>Step 15/19 : RUN useradd -u ${uid} --no-log-init -g ${group} -s /bin/sh -m ${user}# <--- the '-m' create a user home directory<phase>: <path>/home/zhangchenhui/docker_smell_1027/repair_result/dataset_fast/star1000+_dockerfile/parfum/phyver__gameshell__Dockerfile<path><error>build failed with exit code: 2<error>
<phase>Step 6/14 : RUN python3 -m pip wheel -w dist --no-binary "cffi" --no-binary -r requirements.txt &&     python3 -m build .<phase>: <path>/home/zhangchenhui/docker_smell_1027/repair_result/dataset_fast/star1000+_dockerfile/parfum/prometheus-pve__prometheus-pve-exporter__Dockerfile<path><error>build failed with exit code: 1<error>
<phase>Step 9/11 : RUN poetry install --no-root --no-interaction --no-ansi<phase>: <path>/home/zhangchenhui/docker_smell_1027/repair_result/dataset_fast/star1000+_dockerfile/parfum/rahulnyk__knowledge_graph__dockerfile<path><error>build failed with exit code: 127<error>
<phase>Step 2/7 : RUN useradd -ms --no-log-init /bin/bash user<phase>: <path>/home/zhangchenhui/docker_smell_1027/repair_result/dataset_fast/star1000+_dockerfile/parfum/rbsec__dnscan__Dockerfile<path><error>build failed with exit code: 3<error>
<phase>Step 5/7 : RUN pip install --no-cache-dir -r requirements.txt -r<phase>: <path>/home/zhangchenhui/docker_smell_1027/repair_result/dataset_fast/star1000+_dockerfile/parfum/rmax__scrapy-redis__Dockerfile<path><error>build failed with exit code: 2<error>
<phase>Step 2/15 : RUN apt-get update  && DEBIAN_FRONTEND=noninteractive apt-get --no-install-recommends install -y wget gnupg  && wget --quiet -O - https://www.postgresql.org/media/keys/ACCC4CF8.asc | apt-key add -  && echo 'deb http://apt.postgresql.org/pub/repos/apt/ jammy-pgdg main' >> /etc/apt/sources.list && rm -rf /var/lib/apt/lists/*;<phase>: <path>/home/zhangchenhui/docker_smell_1027/repair_result/dataset_fast/star1000+_dockerfile/parfum/sameersbn__docker-postgresql__Dockerfile<path><error>build failed with exit code: 2<error>
<phase>Step 3/11 : RUN curl -L --proto '=https' --tlsv1.2 -sSf https://sh.rustup.rs > rust_install.sh<phase>: <path>/home/zhangchenhui/docker_smell_1027/repair_result/dataset_fast/star1000+_dockerfile/parfum/stellar__soroban-example-dapp__Dockerfile<path><error>build failed with exit code: 77<error>
<phase>Step 7/7 : RUN apt-get install --no-install-recommends build-essential -y && rm -rf /var/lib/apt/lists/*;<phase>: <path>/home/zhangchenhui/docker_smell_1027/repair_result/dataset_fast/star1000+_dockerfile/parfum/szad670401__hyperlpr__Dockerfile<path><error>build failed with exit code: 100<error>
<phase>Step 5/10 : RUN wget -O /tmp/tfenv.tar.gz "https://github.com/tfutils/tfenv/archive/refs/tags/v${TFENV_VERSION}.tar.gz"     && tar -C /tmp -xf /tmp/tfenv.tar.gz     && mv "/tmp/tfenv-${TFENV_VERSION}/bin"/* /usr/local/bin/     && mkdir -p /usr/local/lib/tfenv     && mv "/tmp/tfenv-${TFENV_VERSION}/lib" /usr/local/lib/tfenv/     && mv "/tmp/tfenv-${TFENV_VERSION}/libexec" /usr/local/lib/tfenv/     && mkdir -p /usr/local/share/licenses     && mv "/tmp/tfenv-${TFENV_VERSION}/LICENSE" /usr/local/share/licenses/tfenv     && rm -rf /tmp/tfenv* ; rm /tmp/tfenv.tar.gz<phase>: <path>/home/zhangchenhui/docker_smell_1027/repair_result/dataset_fast/star1000+_dockerfile/parfum/tfutils__tfenv__Dockerfile<path><error>build failed with exit code: 1<error>
<phase>Step 7/12 : RUN mkdir -p /tmp/build/nginx-rtmp-module &&     cd /tmp/build/nginx-rtmp-module &&     wget -O nginx-rtmp-module-${NGINX_RTMP_MODULE_VERSION}.tar.gz https://github.com/arut/nginx-rtmp-module/archive/v${NGINX_RTMP_MODULE_VERSION}.tar.gz &&     tar -zxf nginx-rtmp-module-${NGINX_RTMP_MODULE_VERSION}.tar.gz &&     cd nginx-rtmp-module-${NGINX_RTMP_MODULE_VERSION} && rm nginx-rtmp-module-${NGINX_RTMP_MODULE_VERSION}.tar.gz<phase>: <path>/home/zhangchenhui/docker_smell_1027/repair_result/dataset_fast/star1000+_dockerfile/parfum/tiangolo__nginx-rtmp-docker__Dockerfile<path><error>build failed with exit code: 1<error>
