<phase>Step 7/20 : RUN cargo fetch<phase>: <path>/home/zhangchenhui/docker_smell_1027/build_repair_result/dataset_fast/star1000+_dockerfile/parfum/0x727__observerward__Dockerfile<path><error>build failed with exit code: 101<error>
<phase>Step 10/13 : RUN python3 -m pip install --no-cache-dir -r requirements.txt<phase>: <path>/home/zhangchenhui/docker_smell_1027/build_repair_result/dataset_fast/star1000+_dockerfile/parfum/blitzkraft__saythanks.io__Dockerfile<path><error>build failed with exit code: 1<error>
<phase>Step 5/9 : RUN apt-get update     && apt-get install --no-install-recommends -y ca-certificates curl gnupg lsb-release     && mkdir -p /etc/apt/keyrings     && curl -fsSL https://download.docker.com/linux/ubuntu/gpg | gpg --batch --dearmor -o /etc/apt/keyrings/docker.gpg     && echo "deb [arch=$(dpkg --print-architecture) signed-by=/etc/apt/keyrings/docker.gpg] https://download.docker.com/linux/ubuntu $(lsb_release -cs) stable"         | tee /etc/apt/sources.list.d/docker.list > /dev/null     && apt-get update     && apt-get install -y --no-install-recommends locales ufw     && apt-get install -y --no-install-recommends "docker-ce=$(apt-cache madison docker-ce | grep -m1 -F '${docker_version}' | cut -d'|' -f2 | tr -d '[:space:]')"     && locale-gen en_US.UTF-8     && if [ "$use_iptables_legacy" = "true" ]; then         apt-get install --no-install-recommends -y arptables ebtables         && update-alternatives --install /usr/sbin/arptables arptables /usr/sbin/arptables-legacy 100         && update-alternatives --install /usr/sbin/ebtables ebtables /usr/sbin/ebtables-legacy 100         && update-alternatives --set iptables /usr/sbin/iptables-legacy         && update-alternatives --set ip6tables /usr/sbin/ip6tables-legacy         && update-alternatives --set arptables /usr/sbin/arptables-legacy         && update-alternatives --set ebtables /usr/sbin/ebtables-legacy;     fi     && apt-get clean autoclean     && apt-get autoremove -y     && rm -rf /var/lib/{apt,dpkg,cache,log}/     && rm -rf /var/lib/apt/lists/*<phase>: <path>/home/zhangchenhui/docker_smell_1027/build_repair_result/dataset_fast/star1000+_dockerfile/parfum/chaifeng__ufw-docker__Dockerfile<path><error>build failed with exit code: 2<error>
<phase><phase>: <path>/home/zhangchenhui/docker_smell_1027/build_repair_result/dataset_fast/star1000+_dockerfile/parfum/chrisleekr__binance-trading-bot__Dockerfile<path><error>build failed with exit code: 1<error>
<phase><phase>: <path>/home/zhangchenhui/docker_smell_1027/build_repair_result/dataset_fast/star1000+_dockerfile/parfum/consumet__api.consumet.org__Dockerfile<path><error>build failed with exit code: 1<error>
<phase><phase>: <path>/home/zhangchenhui/docker_smell_1027/build_repair_result/dataset_fast/star1000+_dockerfile/parfum/devinus__poison__Dockerfile<path><error>build failed with exit code: 1<error>
<phase>Step 5/5 : RUN git submodule update --init --recursive<phase>: <path>/home/zhangchenhui/docker_smell_1027/build_repair_result/dataset_fast/star1000+_dockerfile/parfum/egzumer__uv-k5-firmware-custom__Dockerfile<path><error>build failed with exit code: 128<error>
<phase>Step 7/12 : RUN pip install --no-cache-dir ${PIP_OPTIONS} && rm -rf /root/.cache/pip<phase>: <path>/home/zhangchenhui/docker_smell_1027/build_repair_result/dataset_fast/star1000+_dockerfile/parfum/gilesknap__gphotos-sync__Dockerfile<path><error>build failed with exit code: 1<error>
<phase>Step 4/17 : COPY .git /src/gh/pages-gem/.git<phase>: <path>/home/zhangchenhui/docker_smell_1027/build_repair_result/dataset_fast/star1000+_dockerfile/parfum/github__pages-gem__Dockerfile<path><error>build failed with exit code: 1<error>
<phase>Step 15/15 : RUN yarn install --immutable &&     yarn build &&     rm -rf node_modules && yarn cache clean;<phase>: <path>/home/zhangchenhui/docker_smell_1027/build_repair_result/dataset_fast/star1000+_dockerfile/parfum/guillaumebriday__laravel-blog__Dockerfile<path><error>build timed out (exceeded 10 minutes)<error>
<phase>Step 3/6 : RUN set -xe     && composer init --name=guzzlehttp/test --description="Simple project for testing Guzzle scripts" --author="Márk Sági-Kazár <mark.sagikazar@gmail.com>" --no-interaction     && composer require guzzlehttp/guzzle<phase>: <path>/home/zhangchenhui/docker_smell_1027/build_repair_result/dataset_fast/star1000+_dockerfile/parfum/guzzle__guzzle__Dockerfile<path><error>build failed with exit code: 100<error>
<phase><phase>: <path>/home/zhangchenhui/docker_smell_1027/build_repair_result/dataset_fast/star1000+_dockerfile/parfum/hack4impact__flask-base__Dockerfile<path><error>build failed with exit code: 1<error>
<phase>Step 6/8 : RUN yarn install --pure-lockfile && yarn cache clean<phase>: <path>/home/zhangchenhui/docker_smell_1027/build_repair_result/dataset_fast/star1000+_dockerfile/parfum/hagopj13__node-express-boilerplate__Dockerfile<path><error>build failed with exit code: 1<error>
<phase>Step 4/18 : RUN curl -f -L -s 'https://beta.quicklisp.org/quicklisp.lisp' -o /opt/quicklisp.lisp<phase>: <path>/home/zhangchenhui/docker_smell_1027/build_repair_result/dataset_fast/star1000+_dockerfile/parfum/inconvergent__weird__Dockerfile<path><error>build failed with exit code: 28<error>
<phase>Step 7/14 : RUN echo "#log: ${project}: Setup system"   && set -x   && apt-get update -y   && apt-get install --no-install-recommends -y     build-essential     python3   && apt-get clean   && update-alternatives --install /usr/local/bin/python python /usr/bin/python3 20   && npm i -g prebuildify@5 node-gyp@9   && npm cache clean --force   && rm -rf /var/lib/apt/lists/*   && sync<phase>: <path>/home/zhangchenhui/docker_smell_1027/build_repair_result/dataset_fast/star1000+_dockerfile/parfum/kelektiv__node.bcrypt.js__Dockerfile<path><error>build failed with exit code: 100<error>
<phase>Step 5/9 : RUN pnpm install --frozen-lockfile --strict-peer-dependencies<phase>: <path>/home/zhangchenhui/docker_smell_1027/build_repair_result/dataset_fast/star1000+_dockerfile/parfum/magic-akari__lrc-maker__Dockerfile<path><error>build failed with exit code: 1<error>
<phase><phase>: <path>/home/zhangchenhui/docker_smell_1027/build_repair_result/dataset_fast/star1000+_dockerfile/parfum/markqvist__nomadnet__Dockerfile<path><error>build failed with exit code: 1<error>
<phase>Step 9/13 : RUN apt-get update && apt-get install --no-install-recommends -y --force-yes zip unzip libzip-dev git && rm -rf /var/lib/apt/lists/*;<phase>: <path>/home/zhangchenhui/docker_smell_1027/build_repair_result/dataset_fast/star1000+_dockerfile/parfum/matthiasmullie__minify__Dockerfile<path><error>build failed with exit code: 100<error>
<phase><phase>: <path>/home/zhangchenhui/docker_smell_1027/build_repair_result/dataset_fast/star1000+_dockerfile/parfum/ms-jpq__chadtree__Dockerfile<path><error>build failed with exit code: 1<error>
<phase><phase>: <path>/home/zhangchenhui/docker_smell_1027/build_repair_result/dataset_fast/star1000+_dockerfile/parfum/nemesida-waf__waf-bypass__Dockerfile<path><error>build failed with exit code: 1<error>
<phase>Step 3/3 : RUN apt-get update &&     apt-get install --no-install-recommends -y autoconf build-essential libunwind-dev binutils-dev libiberty-dev zlib1g-dev &&     cd /austin &&     autoreconf --install &&     ./configure --build="$(dpkg-architecture --query DEB_BUILD_GNU_TYPE)" &&     make &&     make install &&     rm -rf /var/lib/apt/lists/*<phase>: <path>/home/zhangchenhui/docker_smell_1027/build_repair_result/dataset_fast/star1000+_dockerfile/parfum/p403n1x87__austin__Dockerfile<path><error>build failed with exit code: 1<error>
<phase>Step 6/37 : RUN set -x 	&& apk add --no-cache 		nginx 		php$PHP_SUFFIX-cli 		php$PHP_SUFFIX-ctype 		php$PHP_SUFFIX-fpm 		php$PHP_SUFFIX-iconv 		php$PHP_SUFFIX-json 		php$PHP_SUFFIX-pdo 		php$PHP_SUFFIX-pdo_mysql 		php$PHP_SUFFIX-pdo_pgsql 		php$PHP_SUFFIX-pdo_sqlite 		php$PHP_SUFFIX-pecl-mongodb 		php$PHP_SUFFIX-phar 		php$PHP_SUFFIX-session 		php$PHP_SUFFIX-simplexml 	&& adduser -u 82 -D -S -G www-data www-data 	&& sed -i 		-e "s#^;daemonize\s*=\s*yes#daemonize = no#" 		-e "s#^;error_log\s*=.*#error_log = /var/log/php/fpm.error.log#" 		$PHP_INI_DIR/php-fpm.conf 	&& POOL_CONFIG=$PHP_INI_DIR/php-fpm.d/www.conf 	&& sed -i 		-e "s#^listen\s*=.*#listen = [::]:9000#" 		-e "s#^listen\.allowed_clients\s*=.*#;#" 		-e "s#^;access\.log\s*=.*#access.log = /var/log/php/fpm.access.log#" 		-e "s#^;clear_env\s*=.*#clear_env = no#" 		-e "s#^user = nobody\s*#user = www-data#" 		-e "s#^group = nobody\s*#group = www-data#" 		-e "s#^;catch_workers_output\s*=.*#catch_workers_output = yes#" 		$POOL_CONFIG 	&& rm -rf /var/log/php$PHP_SUFFIX 	&& ln -s php /var/log/php$PHP_SUFFIX 	&& install -d -o www-data -g www-data /var/log/php 	&& ln -s php-fpm$PHP_SUFFIX /usr/sbin/php-fpm 	&& ln -s /dev/stderr /var/log/php/fpm.access.log 	&& ln -s /dev/stderr /var/log/php/fpm.error.log 	&& ln -s /dev/stdout /var/log/nginx/access.log 	&& ln -s /dev/stderr /var/log/nginx/error.log 	&& ln -sf php$PHP_SUFFIX /usr/bin/php 	&& php -m<phase>: <path>/home/zhangchenhui/docker_smell_1027/build_repair_result/dataset_fast/star1000+_dockerfile/parfum/perftools__xhgui__Dockerfile<path><error>build failed with exit code: 25<error>
<phase><phase>: <path>/home/zhangchenhui/docker_smell_1027/build_repair_result/dataset_fast/star1000+_dockerfile/parfum/phyver__gameshell__Dockerfile<path><error>build failed with exit code: 1<error>
<phase><phase>: <path>/home/zhangchenhui/docker_smell_1027/build_repair_result/dataset_fast/star1000+_dockerfile/parfum/prometheus-pve__prometheus-pve-exporter__Dockerfile<path><error>build failed with exit code: 1<error>
<phase><phase>: <path>/home/zhangchenhui/docker_smell_1027/build_repair_result/dataset_fast/star1000+_dockerfile/parfum/rahulnyk__knowledge_graph__dockerfile<path><error>build failed with exit code: 1<error>
<phase><phase>: <path>/home/zhangchenhui/docker_smell_1027/build_repair_result/dataset_fast/star1000+_dockerfile/parfum/rbsec__dnscan__Dockerfile<path><error>build failed with exit code: 1<error>
<phase>Step 2/15 : RUN apt-get update  && DEBIAN_FRONTEND=noninteractive apt-get --no-install-recommends install -y wget gnupg  && wget --quiet -O - https://www.postgresql.org/media/keys/ACCC4CF8.asc | gpg --dearmor > /usr/share/keyrings/postgresql-archive-keyring.gpg  && echo 'deb [signed-by=/usr/share/keyrings/postgresql-archive-keyring.gpg] http://apt.postgresql.org/pub/repos/apt/ jammy-pgdg main' >> /etc/apt/sources.list  && rm -rf /var/lib/apt/lists/*<phase>: <path>/home/zhangchenhui/docker_smell_1027/build_repair_result/dataset_fast/star1000+_dockerfile/parfum/sameersbn__docker-postgresql__Dockerfile<path><error>build failed with exit code: 2<error>
<phase>Step 6/10 : RUN rustup target add wasm32-unknown-unknown<phase>: <path>/home/zhangchenhui/docker_smell_1027/build_repair_result/dataset_fast/star1000+_dockerfile/parfum/stellar__soroban-example-dapp__Dockerfile<path><error>build failed with exit code: 127<error>
<phase><phase>: <path>/home/zhangchenhui/docker_smell_1027/build_repair_result/dataset_fast/star1000+_dockerfile/parfum/tfutils__tfenv__Dockerfile<path><error>build failed with exit code: 1<error>
<phase>Step 7/12 : RUN mkdir -p /tmp/build/nginx-rtmp-module &&     cd /tmp/build/nginx-rtmp-module &&     wget -O nginx-rtmp-module-${NGINX_RTMP_MODULE_VERSION}.tar.gz https://github.com/arut/nginx-rtmp-module/archive/${NGINX_RTMP_MODULE_VERSION}.tar.gz &&     tar -zxf nginx-rtmp-module-${NGINX_RTMP_MODULE_VERSION}.tar.gz &&     rm nginx-rtmp-module-${NGINX_RTMP_MODULE_VERSION}.tar.gz<phase>: <path>/home/zhangchenhui/docker_smell_1027/build_repair_result/dataset_fast/star1000+_dockerfile/parfum/tiangolo__nginx-rtmp-docker__Dockerfile<path><error>build failed with exit code: 8<error>
